  [1m[36m (98.0ms)[0m  [1mCREATE TABLE "schema_migrations" ("version" varchar NOT NULL) [0m
  [1m[35m (0.1ms)[0m  select sqlite_version(*)
  [1m[36m (91.3ms)[0m  [1mCREATE UNIQUE INDEX "unique_schema_migrations" ON "schema_migrations" ("version")[0m
  [1m[35mActiveRecord::SchemaMigration Load (0.1ms)[0m  SELECT "schema_migrations".* FROM "schema_migrations"
Migrating to CreateItems (20200518162411)
  [1m[36m (0.1ms)[0m  [1mbegin transaction[0m
  [1m[35m (0.4ms)[0m  CREATE TABLE "items" ("id" INTEGER PRIMARY KEY AUTOINCREMENT NOT NULL, "name" varchar, "descripton" varchar, "price" float, "created_at" datetime NOT NULL, "updated_at" datetime NOT NULL) 
  [1m[36mSQL (0.3ms)[0m  [1mINSERT INTO "schema_migrations" ("version") VALUES (?)[0m  [["version", "20200518162411"]]
  [1m[35m (100.3ms)[0m  commit transaction
Migrating to CreateShops (20200518162650)
  [1m[36m (0.1ms)[0m  [1mbegin transaction[0m
  [1m[35m (0.3ms)[0m  CREATE TABLE "shops" ("id" INTEGER PRIMARY KEY AUTOINCREMENT NOT NULL, "name" varchar, "created_at" datetime NOT NULL, "updated_at" datetime NOT NULL) 
  [1m[36mSQL (0.2ms)[0m  [1mINSERT INTO "schema_migrations" ("version") VALUES (?)[0m  [["version", "20200518162650"]]
  [1m[35m (89.6ms)[0m  commit transaction
Migrating to CreateEmployees (20200518162818)
  [1m[36m (0.1ms)[0m  [1mbegin transaction[0m
  [1m[35m (0.3ms)[0m  CREATE TABLE "employees" ("id" INTEGER PRIMARY KEY AUTOINCREMENT NOT NULL, "nickname" varchar, "full_name" varchar, "shop_id" integer, "department_id" integer, "created_at" datetime NOT NULL, "updated_at" datetime NOT NULL) 
  [1m[36mSQL (0.2ms)[0m  [1mINSERT INTO "schema_migrations" ("version") VALUES (?)[0m  [["version", "20200518162818"]]
  [1m[35m (99.1ms)[0m  commit transaction
Migrating to CreateReceipts (20200518163041)
  [1m[36m (0.1ms)[0m  [1mbegin transaction[0m
  [1m[35m (0.4ms)[0m  CREATE TABLE "receipts" ("id" INTEGER PRIMARY KEY AUTOINCREMENT NOT NULL, "shop_id" integer, "employee_id" integer, "created_at" datetime NOT NULL, "updated_at" datetime NOT NULL) 
  [1m[36mSQL (0.2ms)[0m  [1mINSERT INTO "schema_migrations" ("version") VALUES (?)[0m  [["version", "20200518163041"]]
  [1m[35m (97.4ms)[0m  commit transaction
Migrating to CreateReceiptItems (20200518163108)
  [1m[36m (0.1ms)[0m  [1mbegin transaction[0m
  [1m[35m (0.4ms)[0m  CREATE TABLE "receipt_items" ("id" INTEGER PRIMARY KEY AUTOINCREMENT NOT NULL, "receipt_id" integer, "item_id" integer, "item_count" integer, "created_at" datetime NOT NULL, "updated_at" datetime NOT NULL) 
  [1m[36mSQL (0.2ms)[0m  [1mINSERT INTO "schema_migrations" ("version") VALUES (?)[0m  [["version", "20200518163108"]]
  [1m[35m (97.2ms)[0m  commit transaction
Migrating to CreateAccounts (20200518164518)
  [1m[36m (0.1ms)[0m  [1mbegin transaction[0m
  [1m[35m (0.4ms)[0m  CREATE TABLE "accounts" ("id" INTEGER PRIMARY KEY AUTOINCREMENT NOT NULL, "employee_id" integer, "password" varchar, "created_at" datetime NOT NULL, "updated_at" datetime NOT NULL) 
  [1m[36mSQL (0.2ms)[0m  [1mINSERT INTO "schema_migrations" ("version") VALUES (?)[0m  [["version", "20200518164518"]]
  [1m[35m (97.3ms)[0m  commit transaction
Migrating to CreateDepartments (20200518165447)
  [1m[36m (0.1ms)[0m  [1mbegin transaction[0m
  [1m[35m (0.4ms)[0m  CREATE TABLE "departments" ("id" INTEGER PRIMARY KEY AUTOINCREMENT NOT NULL, "role" integer, "created_at" datetime NOT NULL, "updated_at" datetime NOT NULL) 
  [1m[36mSQL (0.2ms)[0m  [1mINSERT INTO "schema_migrations" ("version") VALUES (?)[0m  [["version", "20200518165447"]]
  [1m[35m (105.7ms)[0m  commit transaction
Migrating to AddDeviseToAccounts (20200518171001)
  [1m[36m (0.1ms)[0m  [1mbegin transaction[0m
  [1m[35m (0.4ms)[0m  ALTER TABLE "accounts" ADD "email" varchar DEFAULT '' NOT NULL
  [1m[36m (0.2ms)[0m  [1mALTER TABLE "accounts" ADD "encrypted_password" varchar DEFAULT '' NOT NULL[0m
  [1m[35m (0.2ms)[0m  ALTER TABLE "accounts" ADD "reset_password_token" varchar
  [1m[36m (0.2ms)[0m  [1mALTER TABLE "accounts" ADD "reset_password_sent_at" datetime[0m
  [1m[35m (0.2ms)[0m  ALTER TABLE "accounts" ADD "remember_created_at" datetime
  [1m[36m (0.2ms)[0m  [1mCREATE UNIQUE INDEX "index_accounts_on_email" ON "accounts" ("email")[0m
  [1m[35m (0.2ms)[0m              SELECT sql
            FROM sqlite_master
            WHERE name='index_accounts_on_email' AND type='index'
            UNION ALL
            SELECT sql
            FROM sqlite_temp_master
            WHERE name='index_accounts_on_email' AND type='index'

  [1m[36m (0.2ms)[0m  [1mCREATE UNIQUE INDEX "index_accounts_on_reset_password_token" ON "accounts" ("reset_password_token")[0m
  [1m[35mSQL (0.2ms)[0m  INSERT INTO "schema_migrations" ("version") VALUES (?)  [["version", "20200518171001"]]
  [1m[36m (110.7ms)[0m  [1mcommit transaction[0m
Migrating to AddEmailToUsers (20200518171134)
  [1m[35m (0.1ms)[0m  begin transaction
  [1m[36m (0.3ms)[0m  [1mALTER TABLE "users" ADD "email" varchar[0m
SQLite3::SQLException: no such table: users: ALTER TABLE "users" ADD "email" varchar
  [1m[35m (0.1ms)[0m  rollback transaction
  [1m[36mActiveRecord::SchemaMigration Load (0.1ms)[0m  [1mSELECT "schema_migrations".* FROM "schema_migrations"[0m
  [1m[35mActiveRecord::SchemaMigration Load (0.2ms)[0m  SELECT "schema_migrations".* FROM "schema_migrations"
  [1m[36m (0.2ms)[0m  [1m            SELECT sql
            FROM sqlite_master
            WHERE name='index_accounts_on_reset_password_token' AND type='index'
            UNION ALL
            SELECT sql
            FROM sqlite_temp_master
            WHERE name='index_accounts_on_reset_password_token' AND type='index'
[0m
  [1m[35m (0.3ms)[0m              SELECT sql
            FROM sqlite_master
            WHERE name='index_accounts_on_email' AND type='index'
            UNION ALL
            SELECT sql
            FROM sqlite_temp_master
            WHERE name='index_accounts_on_email' AND type='index'

  [1m[36mActiveRecord::SchemaMigration Load (0.1ms)[0m  [1mSELECT "schema_migrations".* FROM "schema_migrations"[0m
  [1m[35mActiveRecord::SchemaMigration Load (0.1ms)[0m  SELECT "schema_migrations".* FROM "schema_migrations"
  [1m[36m (0.2ms)[0m  [1m            SELECT sql
            FROM sqlite_master
            WHERE name='index_accounts_on_reset_password_token' AND type='index'
            UNION ALL
            SELECT sql
            FROM sqlite_temp_master
            WHERE name='index_accounts_on_reset_password_token' AND type='index'
[0m
  [1m[35m (0.2ms)[0m              SELECT sql
            FROM sqlite_master
            WHERE name='index_accounts_on_email' AND type='index'
            UNION ALL
            SELECT sql
            FROM sqlite_temp_master
            WHERE name='index_accounts_on_email' AND type='index'



Started GET "/" for 127.0.0.1 at 2020-05-18 21:25:24 +0300
  [1m[36mActiveRecord::SchemaMigration Load (0.2ms)[0m  [1mSELECT "schema_migrations".* FROM "schema_migrations"[0m
Processing by AccountsController#index as HTML
  [1m[35mAccount Load (0.2ms)[0m  SELECT "accounts".* FROM "accounts"
  Rendered accounts/index.html.erb within layouts/application (5.1ms)
Completed 200 OK in 13970ms (Views: 13958.7ms | ActiveRecord: 0.5ms)


Started GET "/assets/application.self-16b19fcd616447c0739dda3892253701b7eb01f8f1c378166f319124f3766a19.css?body=1" for 127.0.0.1 at 2020-05-18 21:25:38 +0300


Started GET "/assets/jquery.self-bd7ddd393353a8d2480a622e80342adf488fb6006d667e8b42e4c0073393abee.js?body=1" for 127.0.0.1 at 2020-05-18 21:25:38 +0300


Started GET "/assets/jquery_ujs.self-784a997f6726036b1993eb2217c9cb558e1cbb801c6da88105588c56f13b466a.js?body=1" for 127.0.0.1 at 2020-05-18 21:25:38 +0300


Started GET "/assets/turbolinks.self-569ee74eaa15c1e2019317ff770b8769b1ec033a0f572a485f64c82ddc8f989e.js?body=1" for 127.0.0.1 at 2020-05-18 21:25:38 +0300


Started GET "/assets/accounts.self-877aef30ae1b040ab8a3aba4e3e309a11d7f2612f44dde450b5c157aa5f95c05.js?body=1" for 127.0.0.1 at 2020-05-18 21:25:38 +0300


Started GET "/assets/departments.self-877aef30ae1b040ab8a3aba4e3e309a11d7f2612f44dde450b5c157aa5f95c05.js?body=1" for 127.0.0.1 at 2020-05-18 21:25:38 +0300


Started GET "/assets/employees.self-877aef30ae1b040ab8a3aba4e3e309a11d7f2612f44dde450b5c157aa5f95c05.js?body=1" for 127.0.0.1 at 2020-05-18 21:25:38 +0300


Started GET "/assets/items.self-877aef30ae1b040ab8a3aba4e3e309a11d7f2612f44dde450b5c157aa5f95c05.js?body=1" for 127.0.0.1 at 2020-05-18 21:25:38 +0300


Started GET "/assets/receipt_items.self-877aef30ae1b040ab8a3aba4e3e309a11d7f2612f44dde450b5c157aa5f95c05.js?body=1" for 127.0.0.1 at 2020-05-18 21:25:38 +0300


Started GET "/assets/receipts.self-877aef30ae1b040ab8a3aba4e3e309a11d7f2612f44dde450b5c157aa5f95c05.js?body=1" for 127.0.0.1 at 2020-05-18 21:25:38 +0300


Started GET "/assets/shops.self-877aef30ae1b040ab8a3aba4e3e309a11d7f2612f44dde450b5c157aa5f95c05.js?body=1" for 127.0.0.1 at 2020-05-18 21:25:38 +0300


Started GET "/assets/popper.self-55bd1408b0e4ff3edf21524b78fbe2266615c8015ce0e5f0828089b1de27d63c.js?body=1" for 127.0.0.1 at 2020-05-18 21:25:39 +0300


Started GET "/assets/bootstrap.self-caa553aa02de69210205232e653f3ed1142f1fdca642375ae6b26a891d3eaacd.js?body=1" for 127.0.0.1 at 2020-05-18 21:25:39 +0300


Started GET "/assets/application.self-7862a8a8b42407b4741a1adeeea35f0d13ddc4f702ec532adb0674491d296495.js?body=1" for 127.0.0.1 at 2020-05-18 21:25:39 +0300


Started GET "/" for 127.0.0.1 at 2020-05-18 21:26:09 +0300
Processing by AccountsController#index as HTML
  [1m[36mAccount Load (0.2ms)[0m  [1mSELECT "accounts".* FROM "accounts"[0m
  Rendered accounts/index.html.erb within layouts/application (1.1ms)
Completed 200 OK in 82ms (Views: 80.8ms | ActiveRecord: 0.2ms)


Started GET "/" for 127.0.0.1 at 2020-05-18 21:29:34 +0300
Processing by AccountsController#index as HTML
  [1m[35mAccount Load (0.5ms)[0m  SELECT "accounts".* FROM "accounts"
  Rendered accounts/index.html.erb within layouts/application (1.4ms)
Completed 200 OK in 107ms (Views: 105.2ms | ActiveRecord: 0.5ms)


Started GET "/" for 127.0.0.1 at 2020-05-18 21:29:44 +0300
Processing by AccountsController#index as HTML
  [1m[36mAccount Load (0.2ms)[0m  [1mSELECT "accounts".* FROM "accounts"[0m
  Rendered accounts/index.html.erb within layouts/application (2.1ms)
Completed 200 OK in 103ms (Views: 100.4ms | ActiveRecord: 0.2ms)


Started GET "/" for 127.0.0.1 at 2020-05-18 21:31:59 +0300
Processing by AccountsController#index as HTML
  [1m[35mAccount Load (0.2ms)[0m  SELECT "accounts".* FROM "accounts"
  Rendered accounts/index.html.erb within layouts/application (1.5ms)
Completed 200 OK in 86ms (Views: 85.2ms | ActiveRecord: 0.2ms)


Started GET "/" for 127.0.0.1 at 2020-05-18 21:32:19 +0300
Processing by AccountsController#index as HTML
  [1m[36mAccount Load (0.2ms)[0m  [1mSELECT "accounts".* FROM "accounts"[0m
  Rendered accounts/index.html.erb within layouts/application (2.4ms)
Completed 200 OK in 87ms (Views: 86.3ms | ActiveRecord: 0.2ms)


Started GET "/" for 127.0.0.1 at 2020-05-18 21:32:50 +0300
Processing by AccountsController#index as HTML
  [1m[35mAccount Load (0.2ms)[0m  SELECT "accounts".* FROM "accounts"
  Rendered accounts/index.html.erb within layouts/application (1.0ms)
Completed 200 OK in 59ms (Views: 57.8ms | ActiveRecord: 0.2ms)


Started GET "/" for 127.0.0.1 at 2020-05-18 21:34:58 +0300
Processing by AccountsController#index as HTML
Completed 500 Internal Server Error in 22ms (ActiveRecord: 0.0ms)

NoMethodError (undefined method `authenticate_user!' for #<AccountsController:0x007fb658b9da50>
Did you mean?  authenticate_account!):
  activesupport (4.2.2) lib/active_support/callbacks.rb:432:in `block in make_lambda'
  activesupport (4.2.2) lib/active_support/callbacks.rb:164:in `block in halting'
  activesupport (4.2.2) lib/active_support/callbacks.rb:504:in `block in call'
  activesupport (4.2.2) lib/active_support/callbacks.rb:504:in `each'
  activesupport (4.2.2) lib/active_support/callbacks.rb:504:in `call'
  activesupport (4.2.2) lib/active_support/callbacks.rb:92:in `_run_callbacks'
  activesupport (4.2.2) lib/active_support/callbacks.rb:776:in `_run_process_action_callbacks'
  activesupport (4.2.2) lib/active_support/callbacks.rb:81:in `run_callbacks'
  actionpack (4.2.2) lib/abstract_controller/callbacks.rb:19:in `process_action'
  actionpack (4.2.2) lib/action_controller/metal/rescue.rb:29:in `process_action'
  actionpack (4.2.2) lib/action_controller/metal/instrumentation.rb:32:in `block in process_action'
  activesupport (4.2.2) lib/active_support/notifications.rb:164:in `block in instrument'
  activesupport (4.2.2) lib/active_support/notifications/instrumenter.rb:20:in `instrument'
  activesupport (4.2.2) lib/active_support/notifications.rb:164:in `instrument'
  actionpack (4.2.2) lib/action_controller/metal/instrumentation.rb:30:in `process_action'
  actionpack (4.2.2) lib/action_controller/metal/params_wrapper.rb:250:in `process_action'
  activerecord (4.2.2) lib/active_record/railties/controller_runtime.rb:18:in `process_action'
  actionpack (4.2.2) lib/abstract_controller/base.rb:137:in `process'
  actionview (4.2.2) lib/action_view/rendering.rb:30:in `process'
  actionpack (4.2.2) lib/action_controller/metal.rb:196:in `dispatch'
  actionpack (4.2.2) lib/action_controller/metal/rack_delegation.rb:13:in `dispatch'
  actionpack (4.2.2) lib/action_controller/metal.rb:237:in `block in action'
  actionpack (4.2.2) lib/action_dispatch/routing/route_set.rb:74:in `dispatch'
  actionpack (4.2.2) lib/action_dispatch/routing/route_set.rb:43:in `serve'
  actionpack (4.2.2) lib/action_dispatch/journey/router.rb:43:in `block in serve'
  actionpack (4.2.2) lib/action_dispatch/journey/router.rb:30:in `each'
  actionpack (4.2.2) lib/action_dispatch/journey/router.rb:30:in `serve'
  actionpack (4.2.2) lib/action_dispatch/routing/route_set.rb:819:in `call'
  warden (1.2.7) lib/warden/manager.rb:36:in `block in call'
  warden (1.2.7) lib/warden/manager.rb:35:in `catch'
  warden (1.2.7) lib/warden/manager.rb:35:in `call'
  rack (1.6.13) lib/rack/etag.rb:24:in `call'
  rack (1.6.13) lib/rack/conditionalget.rb:25:in `call'
  rack (1.6.13) lib/rack/head.rb:13:in `call'
  actionpack (4.2.2) lib/action_dispatch/middleware/params_parser.rb:27:in `call'
  actionpack (4.2.2) lib/action_dispatch/middleware/flash.rb:260:in `call'
  rack (1.6.13) lib/rack/session/abstract/id.rb:252:in `context'
  rack (1.6.13) lib/rack/session/abstract/id.rb:247:in `call'
  actionpack (4.2.2) lib/action_dispatch/middleware/cookies.rb:560:in `call'
  activerecord (4.2.2) lib/active_record/query_cache.rb:36:in `call'
  activerecord (4.2.2) lib/active_record/connection_adapters/abstract/connection_pool.rb:649:in `call'
  activerecord (4.2.2) lib/active_record/migration.rb:378:in `call'
  actionpack (4.2.2) lib/action_dispatch/middleware/callbacks.rb:29:in `block in call'
  activesupport (4.2.2) lib/active_support/callbacks.rb:88:in `_run_callbacks'
  activesupport (4.2.2) lib/active_support/callbacks.rb:776:in `_run_call_callbacks'
  activesupport (4.2.2) lib/active_support/callbacks.rb:81:in `run_callbacks'
  actionpack (4.2.2) lib/action_dispatch/middleware/callbacks.rb:27:in `call'
  actionpack (4.2.2) lib/action_dispatch/middleware/reloader.rb:73:in `call'
  actionpack (4.2.2) lib/action_dispatch/middleware/remote_ip.rb:78:in `call'
  actionpack (4.2.2) lib/action_dispatch/middleware/debug_exceptions.rb:17:in `call'
  web-console (2.3.0) lib/web_console/middleware.rb:28:in `block in call'
  web-console (2.3.0) lib/web_console/middleware.rb:18:in `catch'
  web-console (2.3.0) lib/web_console/middleware.rb:18:in `call'
  actionpack (4.2.2) lib/action_dispatch/middleware/show_exceptions.rb:30:in `call'
  railties (4.2.2) lib/rails/rack/logger.rb:38:in `call_app'
  railties (4.2.2) lib/rails/rack/logger.rb:20:in `block in call'
  activesupport (4.2.2) lib/active_support/tagged_logging.rb:68:in `block in tagged'
  activesupport (4.2.2) lib/active_support/tagged_logging.rb:26:in `tagged'
  activesupport (4.2.2) lib/active_support/tagged_logging.rb:68:in `tagged'
  railties (4.2.2) lib/rails/rack/logger.rb:20:in `call'
  actionpack (4.2.2) lib/action_dispatch/middleware/request_id.rb:21:in `call'
  rack (1.6.13) lib/rack/methodoverride.rb:22:in `call'
  rack (1.6.13) lib/rack/runtime.rb:18:in `call'
  activesupport (4.2.2) lib/active_support/cache/strategy/local_cache_middleware.rb:28:in `call'
  rack (1.6.13) lib/rack/lock.rb:17:in `call'
  actionpack (4.2.2) lib/action_dispatch/middleware/static.rb:113:in `call'
  rack (1.6.13) lib/rack/sendfile.rb:113:in `call'
  railties (4.2.2) lib/rails/engine.rb:518:in `call'
  railties (4.2.2) lib/rails/application.rb:164:in `call'
  rack (1.6.13) lib/rack/lock.rb:17:in `call'
  rack (1.6.13) lib/rack/content_length.rb:15:in `call'
  rack (1.6.13) lib/rack/handler/webrick.rb:88:in `service'
  /home/solomiya/.rvm/rubies/ruby-2.3.0/lib/ruby/2.3.0/webrick/httpserver.rb:140:in `service'
  /home/solomiya/.rvm/rubies/ruby-2.3.0/lib/ruby/2.3.0/webrick/httpserver.rb:96:in `run'
  /home/solomiya/.rvm/rubies/ruby-2.3.0/lib/ruby/2.3.0/webrick/server.rb:296:in `block in start_thread'


  Rendered /home/solomiya/.rvm/gems/ruby-2.3.0/gems/actionpack-4.2.2/lib/action_dispatch/middleware/templates/rescues/_source.erb (9.0ms)
  Rendered /home/solomiya/.rvm/gems/ruby-2.3.0/gems/actionpack-4.2.2/lib/action_dispatch/middleware/templates/rescues/_trace.html.erb (4.8ms)
  Rendered /home/solomiya/.rvm/gems/ruby-2.3.0/gems/actionpack-4.2.2/lib/action_dispatch/middleware/templates/rescues/_request_and_response.html.erb (2.4ms)
  Rendered /home/solomiya/.rvm/gems/ruby-2.3.0/gems/actionpack-4.2.2/lib/action_dispatch/middleware/templates/rescues/diagnostics.html.erb within rescues/layout (58.4ms)
  Rendered /home/solomiya/.rvm/gems/ruby-2.3.0/gems/web-console-2.3.0/lib/web_console/templates/_markup.html.erb (0.6ms)
  Rendered /home/solomiya/.rvm/gems/ruby-2.3.0/gems/web-console-2.3.0/lib/web_console/templates/_inner_console_markup.html.erb within layouts/inlined_string (0.6ms)
  Rendered /home/solomiya/.rvm/gems/ruby-2.3.0/gems/web-console-2.3.0/lib/web_console/templates/_prompt_box_markup.html.erb within layouts/inlined_string (0.4ms)
  Rendered /home/solomiya/.rvm/gems/ruby-2.3.0/gems/web-console-2.3.0/lib/web_console/templates/style.css.erb within layouts/inlined_string (0.8ms)
  Rendered /home/solomiya/.rvm/gems/ruby-2.3.0/gems/web-console-2.3.0/lib/web_console/templates/console.js.erb within layouts/javascript (66.8ms)
  Rendered /home/solomiya/.rvm/gems/ruby-2.3.0/gems/web-console-2.3.0/lib/web_console/templates/main.js.erb within layouts/javascript (0.6ms)
  Rendered /home/solomiya/.rvm/gems/ruby-2.3.0/gems/web-console-2.3.0/lib/web_console/templates/error_page.js.erb within layouts/javascript (0.6ms)
  Rendered /home/solomiya/.rvm/gems/ruby-2.3.0/gems/web-console-2.3.0/lib/web_console/templates/index.html.erb (106.2ms)


Started GET "/" for 127.0.0.1 at 2020-05-18 21:35:18 +0300
Processing by AccountsController#index as HTML
Completed 401 Unauthorized in 11ms (ActiveRecord: 0.0ms)


Started GET "/accounts/sign_in" for 127.0.0.1 at 2020-05-18 21:35:18 +0300
Processing by Devise::SessionsController#new as HTML
  Rendered /home/solomiya/.rvm/gems/ruby-2.3.0/gems/devise-4.7.1/app/views/devise/shared/_links.html.erb (2.5ms)
  Rendered /home/solomiya/.rvm/gems/ruby-2.3.0/gems/devise-4.7.1/app/views/devise/sessions/new.html.erb within layouts/application (28.8ms)
Completed 200 OK in 127ms (Views: 108.3ms | ActiveRecord: 1.8ms)


Started GET "/accounts/sign_in" for 127.0.0.1 at 2020-05-18 21:39:10 +0300
Processing by Devise::SessionsController#new as HTML
  Rendered devise/shared/_links.html.erb (2.4ms)
  Rendered devise/sessions/new.html.erb within layouts/application (15.9ms)
Completed 200 OK in 110ms (Views: 107.6ms | ActiveRecord: 0.0ms)


Started GET "/accounts/sign_in" for 127.0.0.1 at 2020-05-18 21:42:08 +0300
Processing by Devise::SessionsController#new as HTML
  Rendered devise/shared/_links.html.erb (1.8ms)
  Rendered devise/sessions/new.html.erb within layouts/application (10.8ms)
Completed 200 OK in 98ms (Views: 94.9ms | ActiveRecord: 0.0ms)


Started POST "/accounts/sign_in" for 127.0.0.1 at 2020-05-18 21:42:16 +0300
Processing by Devise::SessionsController#create as HTML
  Parameters: {"utf8"=>"✓", "authenticity_token"=>"yMmznIlBDM3QS9THJ9MG4DHKRpezFMNvvDm097joMA/ipELW/DP0Zs6ibpMNsr9eAz+kxDxbZtzch9fKXtA1Fw==", "account"=>{"email"=>"", "password"=>"[FILTERED]", "remember_me"=>"0"}, "commit"=>"Log in"}
Completed 401 Unauthorized in 1ms (ActiveRecord: 0.0ms)
Processing by Devise::SessionsController#new as HTML
  Parameters: {"utf8"=>"✓", "authenticity_token"=>"yMmznIlBDM3QS9THJ9MG4DHKRpezFMNvvDm097joMA/ipELW/DP0Zs6ibpMNsr9eAz+kxDxbZtzch9fKXtA1Fw==", "account"=>{"email"=>"", "password"=>"[FILTERED]", "remember_me"=>"0"}, "commit"=>"Log in"}
  Rendered devise/shared/_links.html.erb (0.7ms)
  Rendered devise/sessions/new.html.erb within layouts/application (7.0ms)
Completed 200 OK in 68ms (Views: 66.2ms | ActiveRecord: 0.0ms)


Started POST "/accounts/sign_in" for 127.0.0.1 at 2020-05-18 21:42:19 +0300
Processing by Devise::SessionsController#create as HTML
  Parameters: {"utf8"=>"✓", "authenticity_token"=>"nwHhcYf7Q87JWUkT2Lo0aWwnLwxkXJCmhFH3yTdMthu1bBA78om7Zdew80fy243XXtLNX+sTNRXk75T00XSzAw==", "account"=>{"email"=>"", "password"=>"[FILTERED]", "remember_me"=>"0"}, "commit"=>"Log in"}
Completed 401 Unauthorized in 1ms (ActiveRecord: 0.0ms)
Processing by Devise::SessionsController#new as HTML
  Parameters: {"utf8"=>"✓", "authenticity_token"=>"nwHhcYf7Q87JWUkT2Lo0aWwnLwxkXJCmhFH3yTdMthu1bBA78om7Zdew80fy243XXtLNX+sTNRXk75T00XSzAw==", "account"=>{"email"=>"", "password"=>"[FILTERED]", "remember_me"=>"0"}, "commit"=>"Log in"}
  Rendered devise/shared/_links.html.erb (2.4ms)
  Rendered devise/sessions/new.html.erb within layouts/application (6.9ms)
Completed 200 OK in 92ms (Views: 87.3ms | ActiveRecord: 0.0ms)


Started GET "/accounts/sign_in" for 127.0.0.1 at 2020-05-18 21:47:45 +0300
Processing by Devise::SessionsController#new as HTML
  Rendered devise/shared/_links.html.erb (0.5ms)
  Rendered devise/sessions/new.html.erb within layouts/application (8.6ms)
Completed 200 OK in 85ms (Views: 83.4ms | ActiveRecord: 0.0ms)


Started GET "/accounts/sign_in" for 127.0.0.1 at 2020-05-18 21:47:48 +0300
Processing by Devise::SessionsController#new as HTML
  Rendered devise/shared/_links.html.erb (1.8ms)
  Rendered devise/sessions/new.html.erb within layouts/application (4.6ms)
Completed 200 OK in 74ms (Views: 72.2ms | ActiveRecord: 0.0ms)


Started GET "/users" for 127.0.0.1 at 2020-05-18 21:47:57 +0300

ActionController::RoutingError (No route matches [GET] "/users"):
  actionpack (4.2.2) lib/action_dispatch/middleware/debug_exceptions.rb:21:in `call'
  web-console (2.3.0) lib/web_console/middleware.rb:28:in `block in call'
  web-console (2.3.0) lib/web_console/middleware.rb:18:in `catch'
  web-console (2.3.0) lib/web_console/middleware.rb:18:in `call'
  actionpack (4.2.2) lib/action_dispatch/middleware/show_exceptions.rb:30:in `call'
  railties (4.2.2) lib/rails/rack/logger.rb:38:in `call_app'
  railties (4.2.2) lib/rails/rack/logger.rb:20:in `block in call'
  activesupport (4.2.2) lib/active_support/tagged_logging.rb:68:in `block in tagged'
  activesupport (4.2.2) lib/active_support/tagged_logging.rb:26:in `tagged'
  activesupport (4.2.2) lib/active_support/tagged_logging.rb:68:in `tagged'
  railties (4.2.2) lib/rails/rack/logger.rb:20:in `call'
  actionpack (4.2.2) lib/action_dispatch/middleware/request_id.rb:21:in `call'
  rack (1.6.13) lib/rack/methodoverride.rb:22:in `call'
  rack (1.6.13) lib/rack/runtime.rb:18:in `call'
  activesupport (4.2.2) lib/active_support/cache/strategy/local_cache_middleware.rb:28:in `call'
  rack (1.6.13) lib/rack/lock.rb:17:in `call'
  actionpack (4.2.2) lib/action_dispatch/middleware/static.rb:113:in `call'
  rack (1.6.13) lib/rack/sendfile.rb:113:in `call'
  railties (4.2.2) lib/rails/engine.rb:518:in `call'
  railties (4.2.2) lib/rails/application.rb:164:in `call'
  rack (1.6.13) lib/rack/lock.rb:17:in `call'
  rack (1.6.13) lib/rack/content_length.rb:15:in `call'
  rack (1.6.13) lib/rack/handler/webrick.rb:88:in `service'
  /home/solomiya/.rvm/rubies/ruby-2.3.0/lib/ruby/2.3.0/webrick/httpserver.rb:140:in `service'
  /home/solomiya/.rvm/rubies/ruby-2.3.0/lib/ruby/2.3.0/webrick/httpserver.rb:96:in `run'
  /home/solomiya/.rvm/rubies/ruby-2.3.0/lib/ruby/2.3.0/webrick/server.rb:296:in `block in start_thread'


  Rendered /home/solomiya/.rvm/gems/ruby-2.3.0/gems/actionpack-4.2.2/lib/action_dispatch/middleware/templates/rescues/_trace.html.erb (6.8ms)
  Rendered /home/solomiya/.rvm/gems/ruby-2.3.0/gems/actionpack-4.2.2/lib/action_dispatch/middleware/templates/routes/_route.html.erb (5.7ms)
  Rendered /home/solomiya/.rvm/gems/ruby-2.3.0/gems/actionpack-4.2.2/lib/action_dispatch/middleware/templates/routes/_table.html.erb (3.1ms)
  Rendered /home/solomiya/.rvm/gems/ruby-2.3.0/gems/actionpack-4.2.2/lib/action_dispatch/middleware/templates/rescues/_request_and_response.html.erb (3.7ms)
  Rendered /home/solomiya/.rvm/gems/ruby-2.3.0/gems/actionpack-4.2.2/lib/action_dispatch/middleware/templates/rescues/routing_error.html.erb within rescues/layout (188.7ms)
  Rendered /home/solomiya/.rvm/gems/ruby-2.3.0/gems/web-console-2.3.0/lib/web_console/templates/_markup.html.erb (0.7ms)
  Rendered /home/solomiya/.rvm/gems/ruby-2.3.0/gems/web-console-2.3.0/lib/web_console/templates/_inner_console_markup.html.erb within layouts/inlined_string (0.5ms)
  Rendered /home/solomiya/.rvm/gems/ruby-2.3.0/gems/web-console-2.3.0/lib/web_console/templates/_prompt_box_markup.html.erb within layouts/inlined_string (0.4ms)
  Rendered /home/solomiya/.rvm/gems/ruby-2.3.0/gems/web-console-2.3.0/lib/web_console/templates/style.css.erb within layouts/inlined_string (0.5ms)
  Rendered /home/solomiya/.rvm/gems/ruby-2.3.0/gems/web-console-2.3.0/lib/web_console/templates/console.js.erb within layouts/javascript (36.5ms)
  Rendered /home/solomiya/.rvm/gems/ruby-2.3.0/gems/web-console-2.3.0/lib/web_console/templates/main.js.erb within layouts/javascript (0.6ms)
  Rendered /home/solomiya/.rvm/gems/ruby-2.3.0/gems/web-console-2.3.0/lib/web_console/templates/error_page.js.erb within layouts/javascript (0.6ms)
  Rendered /home/solomiya/.rvm/gems/ruby-2.3.0/gems/web-console-2.3.0/lib/web_console/templates/index.html.erb (72.1ms)


Started GET "/receipts" for 127.0.0.1 at 2020-05-18 21:48:04 +0300
Processing by ReceiptsController#index as HTML
  [1m[36mReceipt Load (0.2ms)[0m  [1mSELECT "receipts".* FROM "receipts"[0m
  Rendered receipts/index.html.erb within layouts/application (3.1ms)
Completed 200 OK in 78ms (Views: 48.8ms | ActiveRecord: 0.3ms)


Started GET "/" for 127.0.0.1 at 2020-05-18 21:48:14 +0300
Processing by AccountsController#index as HTML
Completed 401 Unauthorized in 1ms (ActiveRecord: 0.0ms)


Started GET "/accounts/sign_in" for 127.0.0.1 at 2020-05-18 21:48:14 +0300
Processing by Devise::SessionsController#new as HTML
  Rendered devise/shared/_links.html.erb (1.8ms)
  Rendered devise/sessions/new.html.erb within layouts/application (5.5ms)
Completed 200 OK in 82ms (Views: 80.3ms | ActiveRecord: 0.0ms)


Started GET "/accounts/sign_in" for 127.0.0.1 at 2020-05-18 21:48:30 +0300
Processing by Devise::SessionsController#new as HTML
  Rendered devise/shared/_links.html.erb (3.4ms)
  Rendered devise/sessions/new.html.erb within layouts/application (6.0ms)
Completed 200 OK in 65ms (Views: 62.8ms | ActiveRecord: 0.0ms)


Started GET "/accounts/sign_in" for 127.0.0.1 at 2020-05-18 21:49:37 +0300
Processing by Devise::SessionsController#new as HTML
  Rendered devise/shared/_links.html.erb (0.3ms)
  Rendered devise/sessions/new.html.erb within layouts/application (3.0ms)
Completed 200 OK in 4518ms (Views: 4517.2ms | ActiveRecord: 0.0ms)


Started GET "/assets/application.self-d46900a17266d16283c691ffdd342bedab37f46c3f2f4137b03993406a1bc827.css?body=1" for 127.0.0.1 at 2020-05-18 21:49:42 +0300


Started GET "/accounts/sign_in" for 127.0.0.1 at 2020-05-18 21:50:25 +0300
Processing by Devise::SessionsController#new as HTML
  Rendered devise/shared/_links.html.erb (0.4ms)
  Rendered devise/sessions/new.html.erb within layouts/application (3.5ms)
Completed 200 OK in 79ms (Views: 73.3ms | ActiveRecord: 0.0ms)


Started GET "/accounts/sign_in" for 127.0.0.1 at 2020-05-18 21:52:37 +0300
Processing by Devise::SessionsController#new as HTML
  Rendered devise/shared/_links.html.erb (0.5ms)
  Rendered devise/sessions/new.html.erb within layouts/application (9.0ms)
Completed 200 OK in 83ms (Views: 81.8ms | ActiveRecord: 0.0ms)


Started GET "/accounts/sign_in" for 127.0.0.1 at 2020-05-18 21:52:43 +0300
Processing by Devise::SessionsController#new as HTML
  Rendered devise/shared/_links.html.erb (0.5ms)
  Rendered devise/sessions/new.html.erb within layouts/application (3.3ms)
Completed 200 OK in 96ms (Views: 92.0ms | ActiveRecord: 0.0ms)


Started GET "/accounts/sign_in" for 127.0.0.1 at 2020-05-18 21:52:44 +0300
Processing by Devise::SessionsController#new as HTML
  Rendered devise/shared/_links.html.erb (0.7ms)
  Rendered devise/sessions/new.html.erb within layouts/application (7.7ms)
Completed 200 OK in 86ms (Views: 82.7ms | ActiveRecord: 0.0ms)


Started GET "/accounts/sign_in" for 127.0.0.1 at 2020-05-18 21:52:46 +0300
Processing by Devise::SessionsController#new as HTML
  Rendered devise/shared/_links.html.erb (0.3ms)
  Rendered devise/sessions/new.html.erb within layouts/application (5.4ms)
Completed 200 OK in 73ms (Views: 70.6ms | ActiveRecord: 0.0ms)


Started GET "/assets/application.self-d46900a17266d16283c691ffdd342bedab37f46c3f2f4137b03993406a1bc827.css?body=1" for 127.0.0.1 at 2020-05-18 21:52:46 +0300


Started GET "/assets/jquery.self-bd7ddd393353a8d2480a622e80342adf488fb6006d667e8b42e4c0073393abee.js?body=1" for 127.0.0.1 at 2020-05-18 21:52:46 +0300


Started GET "/assets/jquery_ujs.self-784a997f6726036b1993eb2217c9cb558e1cbb801c6da88105588c56f13b466a.js?body=1" for 127.0.0.1 at 2020-05-18 21:52:46 +0300


Started GET "/assets/turbolinks.self-569ee74eaa15c1e2019317ff770b8769b1ec033a0f572a485f64c82ddc8f989e.js?body=1" for 127.0.0.1 at 2020-05-18 21:52:46 +0300


Started GET "/assets/accounts.self-877aef30ae1b040ab8a3aba4e3e309a11d7f2612f44dde450b5c157aa5f95c05.js?body=1" for 127.0.0.1 at 2020-05-18 21:52:46 +0300


Started GET "/assets/departments.self-877aef30ae1b040ab8a3aba4e3e309a11d7f2612f44dde450b5c157aa5f95c05.js?body=1" for 127.0.0.1 at 2020-05-18 21:52:46 +0300


Started GET "/assets/employees.self-877aef30ae1b040ab8a3aba4e3e309a11d7f2612f44dde450b5c157aa5f95c05.js?body=1" for 127.0.0.1 at 2020-05-18 21:52:46 +0300


Started GET "/assets/items.self-877aef30ae1b040ab8a3aba4e3e309a11d7f2612f44dde450b5c157aa5f95c05.js?body=1" for 127.0.0.1 at 2020-05-18 21:52:46 +0300


Started GET "/assets/receipt_items.self-877aef30ae1b040ab8a3aba4e3e309a11d7f2612f44dde450b5c157aa5f95c05.js?body=1" for 127.0.0.1 at 2020-05-18 21:52:46 +0300


Started GET "/assets/shops.self-877aef30ae1b040ab8a3aba4e3e309a11d7f2612f44dde450b5c157aa5f95c05.js?body=1" for 127.0.0.1 at 2020-05-18 21:52:46 +0300


Started GET "/assets/receipts.self-877aef30ae1b040ab8a3aba4e3e309a11d7f2612f44dde450b5c157aa5f95c05.js?body=1" for 127.0.0.1 at 2020-05-18 21:52:46 +0300


Started GET "/assets/popper.self-55bd1408b0e4ff3edf21524b78fbe2266615c8015ce0e5f0828089b1de27d63c.js?body=1" for 127.0.0.1 at 2020-05-18 21:52:46 +0300


Started GET "/assets/bootstrap.self-caa553aa02de69210205232e653f3ed1142f1fdca642375ae6b26a891d3eaacd.js?body=1" for 127.0.0.1 at 2020-05-18 21:52:46 +0300


Started GET "/assets/application.self-7862a8a8b42407b4741a1adeeea35f0d13ddc4f702ec532adb0674491d296495.js?body=1" for 127.0.0.1 at 2020-05-18 21:52:46 +0300


Started GET "/accounts/sign_in" for 127.0.0.1 at 2020-05-18 21:53:18 +0300
Processing by Devise::SessionsController#new as HTML
  Rendered devise/shared/_links.html.erb (0.6ms)
  Rendered devise/sessions/new.html.erb within layouts/application (6.1ms)
Completed 200 OK in 74ms (Views: 72.9ms | ActiveRecord: 0.0ms)


Started GET "/accounts/sign_in" for 127.0.0.1 at 2020-05-18 21:53:26 +0300
Processing by Devise::SessionsController#new as HTML
  Rendered devise/shared/_links.html.erb (0.5ms)
  Rendered devise/sessions/new.html.erb within layouts/application (3.1ms)
Completed 200 OK in 58ms (Views: 56.3ms | ActiveRecord: 0.0ms)


Started GET "/accounts/sign_in" for 127.0.0.1 at 2020-05-18 21:54:19 +0300
Processing by Devise::SessionsController#new as HTML
  Rendered devise/shared/_links.html.erb (0.7ms)
  Rendered devise/sessions/new.html.erb within layouts/application (4.9ms)
Completed 200 OK in 86ms (Views: 84.3ms | ActiveRecord: 0.0ms)


Started GET "/accounts/sign_in" for 127.0.0.1 at 2020-05-18 21:55:45 +0300
Processing by Devise::SessionsController#new as HTML
  Rendered devise/shared/_links.html.erb (0.8ms)
  Rendered devise/sessions/new.html.erb within layouts/application (4.7ms)
Completed 200 OK in 65ms (Views: 64.0ms | ActiveRecord: 0.0ms)


Started GET "/accounts/sign_in" for 127.0.0.1 at 2020-05-18 21:55:49 +0300
Processing by Devise::SessionsController#new as HTML
  Rendered devise/shared/_links.html.erb (4.4ms)
  Rendered devise/sessions/new.html.erb within layouts/application (13.9ms)
Completed 200 OK in 73ms (Views: 71.6ms | ActiveRecord: 0.0ms)


Started GET "/accounts/sign_in" for 127.0.0.1 at 2020-05-18 21:57:07 +0300
Processing by Devise::SessionsController#new as HTML
  Rendered devise/shared/_links.html.erb (0.6ms)
  Rendered devise/sessions/new.html.erb within layouts/application (4.2ms)
Completed 500 Internal Server Error in 136ms (ActiveRecord: 0.0ms)

ActionView::Template::Error (undefined method `user_signed_in?' for #<#<Class:0x007fb6618f3288>:0x007fb663449640>):
    15:       <a class="p-2 text-dark" href="#">Features</a>
    16:       <a class="p-2 text-dark" href="#">Enterprise</a>
    17:       <a class="p-2 text-dark" href="#">Support</a>
    18:       <% if user_signed_in? %>
    19:       <span class="p-2 text-dark" > Hello, Meow.</span>
    20:       <% end %>
    21:     </nav>
  app/views/layouts/application.html.erb:18:in `_app_views_layouts_application_html_erb___1110309688419044178_70210662261460'


  Rendered /home/solomiya/.rvm/gems/ruby-2.3.0/gems/actionpack-4.2.2/lib/action_dispatch/middleware/templates/rescues/_source.erb (7.2ms)
  Rendered /home/solomiya/.rvm/gems/ruby-2.3.0/gems/actionpack-4.2.2/lib/action_dispatch/middleware/templates/rescues/_trace.html.erb (4.0ms)
  Rendered /home/solomiya/.rvm/gems/ruby-2.3.0/gems/actionpack-4.2.2/lib/action_dispatch/middleware/templates/rescues/_request_and_response.html.erb (1.2ms)
  Rendered /home/solomiya/.rvm/gems/ruby-2.3.0/gems/actionpack-4.2.2/lib/action_dispatch/middleware/templates/rescues/template_error.html.erb within rescues/layout (32.2ms)
  Rendered /home/solomiya/.rvm/gems/ruby-2.3.0/gems/web-console-2.3.0/lib/web_console/templates/_markup.html.erb (0.4ms)
  Rendered /home/solomiya/.rvm/gems/ruby-2.3.0/gems/web-console-2.3.0/lib/web_console/templates/_inner_console_markup.html.erb within layouts/inlined_string (0.4ms)
  Rendered /home/solomiya/.rvm/gems/ruby-2.3.0/gems/web-console-2.3.0/lib/web_console/templates/_prompt_box_markup.html.erb within layouts/inlined_string (0.7ms)
  Rendered /home/solomiya/.rvm/gems/ruby-2.3.0/gems/web-console-2.3.0/lib/web_console/templates/style.css.erb within layouts/inlined_string (0.4ms)
  Rendered /home/solomiya/.rvm/gems/ruby-2.3.0/gems/web-console-2.3.0/lib/web_console/templates/console.js.erb within layouts/javascript (29.6ms)
  Rendered /home/solomiya/.rvm/gems/ruby-2.3.0/gems/web-console-2.3.0/lib/web_console/templates/main.js.erb within layouts/javascript (0.4ms)
  Rendered /home/solomiya/.rvm/gems/ruby-2.3.0/gems/web-console-2.3.0/lib/web_console/templates/error_page.js.erb within layouts/javascript (0.4ms)
  Rendered /home/solomiya/.rvm/gems/ruby-2.3.0/gems/web-console-2.3.0/lib/web_console/templates/index.html.erb (51.6ms)


Started GET "/accounts/sign_in" for 127.0.0.1 at 2020-05-18 21:57:27 +0300
Processing by Devise::SessionsController#new as HTML
  Rendered devise/shared/_links.html.erb (0.5ms)
  Rendered devise/sessions/new.html.erb within layouts/application (2.9ms)
Completed 200 OK in 40ms (Views: 38.9ms | ActiveRecord: 0.0ms)


Started GET "/accounts/sign_up" for 127.0.0.1 at 2020-05-18 21:57:39 +0300
Processing by Devise::RegistrationsController#new as HTML
  Rendered devise/shared/_error_messages.html.erb (0.8ms)
  Rendered devise/shared/_links.html.erb (0.8ms)
  Rendered devise/registrations/new.html.erb within layouts/application (10.0ms)
Completed 200 OK in 76ms (Views: 73.7ms | ActiveRecord: 0.0ms)


Started POST "/accounts" for 127.0.0.1 at 2020-05-18 21:57:55 +0300
Processing by Devise::RegistrationsController#create as HTML
  Parameters: {"utf8"=>"✓", "authenticity_token"=>"FYUJtj7gro6IpvlNujuFKWz0y2xQMpaqDkVqqCBbLTM/6Pj8S5JWJZZPQxmQWjyXXgEpP999Mxlu+wmVxmMoKw==", "account"=>{"email"=>"meowmeow@gmail.com", "password"=>"[FILTERED]", "password_confirmation"=>"[FILTERED]"}, "commit"=>"Sign up"}
  [1m[35m (0.1ms)[0m  begin transaction
  [1m[36mAccount Exists (0.2ms)[0m  [1mSELECT  1 AS one FROM "accounts" WHERE "accounts"."email" = 'meowmeow@gmail.com' LIMIT 1[0m
  [1m[35mSQL (0.5ms)[0m  INSERT INTO "accounts" ("email", "encrypted_password", "created_at", "updated_at") VALUES (?, ?, ?, ?)  [["email", "meowmeow@gmail.com"], ["encrypted_password", "$2a$11$.FOZwW2lOai0j3aCD.ZAH.7rZe5ilmjAHs5nUPqYG.OSkx6oHVIGC"], ["created_at", "2020-05-18 18:57:56.128120"], ["updated_at", "2020-05-18 18:57:56.128120"]]
  [1m[36m (141.8ms)[0m  [1mcommit transaction[0m
Redirected to http://localhost:3000/
Completed 302 Found in 383ms (ActiveRecord: 142.5ms)


Started GET "/" for 127.0.0.1 at 2020-05-18 21:57:56 +0300
Processing by AccountsController#index as HTML
  [1m[35mAccount Load (0.3ms)[0m  SELECT  "accounts".* FROM "accounts" WHERE "accounts"."id" = ?  ORDER BY "accounts"."id" ASC LIMIT 1  [["id", 1]]
  [1m[36mAccount Load (0.2ms)[0m  [1mSELECT "accounts".* FROM "accounts"[0m
  Rendered accounts/index.html.erb within layouts/application (6.2ms)
Completed 200 OK in 75ms (Views: 68.1ms | ActiveRecord: 0.5ms)


Started GET "/" for 127.0.0.1 at 2020-05-18 21:58:37 +0300
Processing by AccountsController#index as HTML
  [1m[35mAccount Load (0.1ms)[0m  SELECT  "accounts".* FROM "accounts" WHERE "accounts"."id" = ?  ORDER BY "accounts"."id" ASC LIMIT 1  [["id", 1]]
  [1m[36mAccount Load (0.3ms)[0m  [1mSELECT "accounts".* FROM "accounts"[0m
  Rendered accounts/index.html.erb within layouts/application (8.4ms)
Completed 200 OK in 62ms (Views: 57.6ms | ActiveRecord: 0.4ms)
  [1m[36mActiveRecord::SchemaMigration Load (0.1ms)[0m  [1mSELECT "schema_migrations".* FROM "schema_migrations"[0m
Migrating to RemoveNicknameFromEmployees (20200518190215)
  [1m[35m (0.1ms)[0m  begin transaction
  [1m[36m (0.0ms)[0m  [1mrollback transaction[0m
  [1m[36mActiveRecord::SchemaMigration Load (0.1ms)[0m  [1mSELECT "schema_migrations".* FROM "schema_migrations"[0m
Migrating to RemoveNicknameFromEmployees (20200518190215)
  [1m[35m (0.1ms)[0m  begin transaction
  [1m[36m (0.3ms)[0m  [1mCREATE TEMPORARY TABLE "aemployees" ("id" INTEGER PRIMARY KEY AUTOINCREMENT NOT NULL, "nickname" varchar, "full_name" varchar, "shop_id" integer, "department_id" integer, "created_at" datetime NOT NULL, "updated_at" datetime NOT NULL) [0m
  [1m[35m (0.1ms)[0m  SELECT * FROM "employees"
  [1m[36m (0.3ms)[0m  [1mDROP TABLE "employees"[0m
  [1m[35m (0.2ms)[0m  CREATE TABLE "employees" ("id" INTEGER PRIMARY KEY AUTOINCREMENT NOT NULL, "full_name" varchar, "shop_id" integer, "department_id" integer, "created_at" datetime NOT NULL, "updated_at" datetime NOT NULL) 
  [1m[36m (0.1ms)[0m  [1mSELECT * FROM "aemployees"[0m
  [1m[35m (0.2ms)[0m  DROP TABLE "aemployees"
  [1m[36mSQL (0.4ms)[0m  [1mINSERT INTO "schema_migrations" ("version") VALUES (?)[0m  [["version", "20200518190215"]]
  [1m[35m (109.9ms)[0m  commit transaction
  [1m[36mActiveRecord::SchemaMigration Load (0.2ms)[0m  [1mSELECT "schema_migrations".* FROM "schema_migrations"[0m
  [1m[35m (0.1ms)[0m              SELECT sql
            FROM sqlite_master
            WHERE name='index_accounts_on_reset_password_token' AND type='index'
            UNION ALL
            SELECT sql
            FROM sqlite_temp_master
            WHERE name='index_accounts_on_reset_password_token' AND type='index'

  [1m[36m (0.2ms)[0m  [1m            SELECT sql
            FROM sqlite_master
            WHERE name='index_accounts_on_email' AND type='index'
            UNION ALL
            SELECT sql
            FROM sqlite_temp_master
            WHERE name='index_accounts_on_email' AND type='index'
[0m


Started GET "/" for 127.0.0.1 at 2020-05-18 22:07:03 +0300
  [1m[35mActiveRecord::SchemaMigration Load (0.2ms)[0m  SELECT "schema_migrations".* FROM "schema_migrations"
Processing by AccountsController#index as HTML
  [1m[36mAccount Load (0.3ms)[0m  [1mSELECT  "accounts".* FROM "accounts" WHERE "accounts"."id" = ?  ORDER BY "accounts"."id" ASC LIMIT 1[0m  [["id", 1]]
  [1m[35mAccount Load (0.3ms)[0m  SELECT "accounts".* FROM "accounts"
  Rendered accounts/index.html.erb within layouts/application (3.0ms)
Completed 200 OK in 87ms (Views: 65.9ms | ActiveRecord: 1.1ms)


Started GET "/" for 127.0.0.1 at 2020-05-18 22:07:10 +0300
Processing by AccountsController#index as HTML
  [1m[36mAccount Load (0.3ms)[0m  [1mSELECT  "accounts".* FROM "accounts" WHERE "accounts"."id" = ?  ORDER BY "accounts"."id" ASC LIMIT 1[0m  [["id", 1]]
  [1m[35mAccount Load (0.2ms)[0m  SELECT "accounts".* FROM "accounts"
  Rendered accounts/index.html.erb within layouts/application (3.2ms)
Completed 200 OK in 85ms (Views: 81.6ms | ActiveRecord: 0.5ms)


Started GET "/accounts/sign_up" for 127.0.0.1 at 2020-05-18 22:07:22 +0300
Processing by Devise::RegistrationsController#new as HTML
  [1m[36mAccount Load (0.2ms)[0m  [1mSELECT  "accounts".* FROM "accounts" WHERE "accounts"."id" = ?  ORDER BY "accounts"."id" ASC LIMIT 1[0m  [["id", 1]]
Redirected to http://localhost:3000/
Filter chain halted as :require_no_authentication rendered or redirected
Completed 302 Found in 5ms (ActiveRecord: 0.2ms)


Started GET "/" for 127.0.0.1 at 2020-05-18 22:07:22 +0300
Processing by AccountsController#index as HTML
  [1m[35mAccount Load (0.1ms)[0m  SELECT  "accounts".* FROM "accounts" WHERE "accounts"."id" = ?  ORDER BY "accounts"."id" ASC LIMIT 1  [["id", 1]]
  [1m[36mAccount Load (0.2ms)[0m  [1mSELECT "accounts".* FROM "accounts"[0m
  Rendered accounts/index.html.erb within layouts/application (1.9ms)
Completed 200 OK in 63ms (Views: 59.4ms | ActiveRecord: 0.4ms)


Started GET "/" for 127.0.0.1 at 2020-05-18 22:08:55 +0300
Processing by AccountsController#index as HTML
  [1m[35mAccount Load (0.2ms)[0m  SELECT  "accounts".* FROM "accounts" WHERE "accounts"."id" = ?  ORDER BY "accounts"."id" ASC LIMIT 1  [["id", 1]]
  [1m[36mAccount Load (0.2ms)[0m  [1mSELECT "accounts".* FROM "accounts"[0m
  Rendered accounts/index.html.erb within layouts/application (1.2ms)
Completed 500 Internal Server Error in 127ms (ActiveRecord: 0.3ms)

ActionView::Template::Error (undefined local variable or method `destroy_user_session_path' for #<#<Class:0x007fb662f6a700>:0x007fb66115f7b0>
Did you mean?  destroy_session_path
               destroy_account_session_path):
    18:       <% if account_signed_in? %>
    19:       <span class="p-2 text-dark" > Hello, <%= current_account %>!</span>
    20:       
    21:       <%= link_to('Logout', destroy_user_session_path, method: :delete) %>       
    22:       
    23:       <% end %>
    24:     </nav>
  app/views/layouts/application.html.erb:21:in `_app_views_layouts_application_html_erb___1110309688419044178_70210644743300'


  Rendered /home/solomiya/.rvm/gems/ruby-2.3.0/gems/actionpack-4.2.2/lib/action_dispatch/middleware/templates/rescues/_source.erb (6.4ms)
  Rendered /home/solomiya/.rvm/gems/ruby-2.3.0/gems/actionpack-4.2.2/lib/action_dispatch/middleware/templates/rescues/_trace.html.erb (3.1ms)
  Rendered /home/solomiya/.rvm/gems/ruby-2.3.0/gems/actionpack-4.2.2/lib/action_dispatch/middleware/templates/rescues/_request_and_response.html.erb (1.1ms)
  Rendered /home/solomiya/.rvm/gems/ruby-2.3.0/gems/actionpack-4.2.2/lib/action_dispatch/middleware/templates/rescues/template_error.html.erb within rescues/layout (26.0ms)
  Rendered /home/solomiya/.rvm/gems/ruby-2.3.0/gems/web-console-2.3.0/lib/web_console/templates/_markup.html.erb (0.5ms)
  Rendered /home/solomiya/.rvm/gems/ruby-2.3.0/gems/web-console-2.3.0/lib/web_console/templates/_inner_console_markup.html.erb within layouts/inlined_string (0.5ms)
  Rendered /home/solomiya/.rvm/gems/ruby-2.3.0/gems/web-console-2.3.0/lib/web_console/templates/_prompt_box_markup.html.erb within layouts/inlined_string (0.4ms)
  Rendered /home/solomiya/.rvm/gems/ruby-2.3.0/gems/web-console-2.3.0/lib/web_console/templates/style.css.erb within layouts/inlined_string (0.4ms)
  Rendered /home/solomiya/.rvm/gems/ruby-2.3.0/gems/web-console-2.3.0/lib/web_console/templates/console.js.erb within layouts/javascript (18.9ms)
  Rendered /home/solomiya/.rvm/gems/ruby-2.3.0/gems/web-console-2.3.0/lib/web_console/templates/main.js.erb within layouts/javascript (0.4ms)
  Rendered /home/solomiya/.rvm/gems/ruby-2.3.0/gems/web-console-2.3.0/lib/web_console/templates/error_page.js.erb within layouts/javascript (0.5ms)
  Rendered /home/solomiya/.rvm/gems/ruby-2.3.0/gems/web-console-2.3.0/lib/web_console/templates/index.html.erb (38.1ms)


Started GET "/" for 127.0.0.1 at 2020-05-18 22:09:09 +0300
Processing by AccountsController#index as HTML
  [1m[35mAccount Load (0.1ms)[0m  SELECT  "accounts".* FROM "accounts" WHERE "accounts"."id" = ?  ORDER BY "accounts"."id" ASC LIMIT 1  [["id", 1]]
  [1m[36mAccount Load (0.2ms)[0m  [1mSELECT "accounts".* FROM "accounts"[0m
  Rendered accounts/index.html.erb within layouts/application (1.3ms)
Completed 200 OK in 58ms (Views: 45.3ms | ActiveRecord: 0.3ms)


Started GET "/" for 127.0.0.1 at 2020-05-18 22:09:23 +0300
Processing by AccountsController#index as HTML
  [1m[35mAccount Load (0.2ms)[0m  SELECT  "accounts".* FROM "accounts" WHERE "accounts"."id" = ?  ORDER BY "accounts"."id" ASC LIMIT 1  [["id", 1]]
  [1m[36mAccount Load (0.2ms)[0m  [1mSELECT "accounts".* FROM "accounts"[0m
  Rendered accounts/index.html.erb within layouts/application (1.5ms)
Completed 200 OK in 52ms (Views: 50.1ms | ActiveRecord: 0.4ms)


Started DELETE "/accounts/sign_out" for 127.0.0.1 at 2020-05-18 22:09:30 +0300
Processing by Devise::SessionsController#destroy as HTML
  Parameters: {"authenticity_token"=>"TAx+Z0yCT5XiVsH2230M2d4kkHimplz+E8R29elXvhdmYY8tOfC3Pvy/e6LxHLVn7NFyKynp+U1zehXID2+7Dw=="}
  [1m[35mAccount Load (0.1ms)[0m  SELECT  "accounts".* FROM "accounts" WHERE "accounts"."id" = ?  ORDER BY "accounts"."id" ASC LIMIT 1  [["id", 1]]
  [1m[36m (0.1ms)[0m  [1mbegin transaction[0m
  [1m[35m (0.1ms)[0m  commit transaction
Redirected to http://localhost:3000/
Completed 302 Found in 10ms (ActiveRecord: 0.3ms)


Started GET "/" for 127.0.0.1 at 2020-05-18 22:09:30 +0300
Processing by AccountsController#index as HTML
Completed 401 Unauthorized in 1ms (ActiveRecord: 0.0ms)


Started GET "/accounts/sign_in" for 127.0.0.1 at 2020-05-18 22:09:30 +0300
Processing by Devise::SessionsController#new as HTML
  Rendered devise/shared/_links.html.erb (0.6ms)
  Rendered devise/sessions/new.html.erb within layouts/application (3.7ms)
Completed 200 OK in 85ms (Views: 83.4ms | ActiveRecord: 0.0ms)


Started GET "/accounts/sign_in" for 127.0.0.1 at 2020-05-18 22:09:50 +0300
Processing by Devise::SessionsController#new as HTML
  Rendered devise/shared/_links.html.erb (0.5ms)
  Rendered devise/sessions/new.html.erb within layouts/application (3.6ms)
Completed 200 OK in 71ms (Views: 69.2ms | ActiveRecord: 0.0ms)


Started POST "/accounts/sign_in" for 127.0.0.1 at 2020-05-18 22:10:13 +0300
Processing by Devise::SessionsController#create as HTML
  Parameters: {"utf8"=>"✓", "authenticity_token"=>"NWlDfJanNsQKnIwoe8lJupuAdcnPXHWJLpBZpsnpHOLeiom8I8oJERx8V2k8wFjJAmj0qrmNyBoDrtQX3cePVg==", "account"=>{"email"=>"meowmeow@gmail.com", "password"=>"[FILTERED]"}, "commit"=>"Log in"}
  [1m[36mAccount Load (2.8ms)[0m  [1mSELECT  "accounts".* FROM "accounts" WHERE "accounts"."email" = ?  ORDER BY "accounts"."id" ASC LIMIT 1[0m  [["email", "meowmeow@gmail.com"]]
Redirected to http://localhost:3000/
Completed 302 Found in 184ms (ActiveRecord: 2.8ms)


Started GET "/" for 127.0.0.1 at 2020-05-18 22:10:13 +0300
Processing by AccountsController#index as HTML
  [1m[35mAccount Load (0.1ms)[0m  SELECT  "accounts".* FROM "accounts" WHERE "accounts"."id" = ?  ORDER BY "accounts"."id" ASC LIMIT 1  [["id", 1]]
  [1m[36mAccount Load (0.4ms)[0m  [1mSELECT "accounts".* FROM "accounts"[0m
  Rendered accounts/index.html.erb within layouts/application (4.1ms)
Completed 200 OK in 68ms (Views: 64.3ms | ActiveRecord: 0.5ms)


Started GET "/" for 127.0.0.1 at 2020-05-18 22:11:01 +0300
Processing by AccountsController#index as HTML
  [1m[35mAccount Load (0.2ms)[0m  SELECT  "accounts".* FROM "accounts" WHERE "accounts"."id" = ?  ORDER BY "accounts"."id" ASC LIMIT 1  [["id", 1]]
  [1m[36mAccount Load (0.7ms)[0m  [1mSELECT "accounts".* FROM "accounts"[0m
  Rendered accounts/index.html.erb within layouts/application (3.7ms)
Completed 200 OK in 57ms (Views: 51.7ms | ActiveRecord: 0.9ms)


Started GET "/" for 127.0.0.1 at 2020-05-18 22:11:05 +0300
Processing by AccountsController#index as HTML
  [1m[35mAccount Load (0.1ms)[0m  SELECT  "accounts".* FROM "accounts" WHERE "accounts"."id" = ?  ORDER BY "accounts"."id" ASC LIMIT 1  [["id", 1]]
  [1m[36mAccount Load (0.2ms)[0m  [1mSELECT "accounts".* FROM "accounts"[0m
  Rendered accounts/index.html.erb within layouts/application (3.6ms)
Completed 200 OK in 77ms (Views: 75.5ms | ActiveRecord: 0.3ms)


Started GET "/" for 127.0.0.1 at 2020-05-18 22:11:06 +0300
Processing by AccountsController#index as HTML
  [1m[35mAccount Load (0.1ms)[0m  SELECT  "accounts".* FROM "accounts" WHERE "accounts"."id" = ?  ORDER BY "accounts"."id" ASC LIMIT 1  [["id", 1]]
  [1m[36mAccount Load (0.2ms)[0m  [1mSELECT "accounts".* FROM "accounts"[0m
  Rendered accounts/index.html.erb within layouts/application (1.6ms)
Completed 200 OK in 62ms (Views: 54.3ms | ActiveRecord: 0.4ms)


Started DELETE "/accounts/sign_out" for 127.0.0.1 at 2020-05-18 22:11:10 +0300
Processing by Devise::SessionsController#destroy as HTML
  Parameters: {"authenticity_token"=>"6i+qbA4nU4utUczh1vnzHBlaCBtL/82ncZsAkmnfaGoP8J78ULgfEx9VE4AsO06FpmFF88+LhhUpzlhkrRKKyg=="}
  [1m[35mAccount Load (0.2ms)[0m  SELECT  "accounts".* FROM "accounts" WHERE "accounts"."id" = ?  ORDER BY "accounts"."id" ASC LIMIT 1  [["id", 1]]
  [1m[36m (0.2ms)[0m  [1mbegin transaction[0m
  [1m[35m (0.3ms)[0m  commit transaction
Redirected to http://localhost:3000/
Completed 302 Found in 12ms (ActiveRecord: 0.6ms)


Started GET "/" for 127.0.0.1 at 2020-05-18 22:11:10 +0300
Processing by AccountsController#index as HTML
Completed 401 Unauthorized in 1ms (ActiveRecord: 0.0ms)


Started GET "/accounts/sign_in" for 127.0.0.1 at 2020-05-18 22:11:11 +0300
Processing by Devise::SessionsController#new as HTML
  Rendered devise/shared/_links.html.erb (0.3ms)
  Rendered devise/sessions/new.html.erb within layouts/application (3.6ms)
Completed 200 OK in 58ms (Views: 52.3ms | ActiveRecord: 0.0ms)


Started GET "/accounts/sign_in" for 127.0.0.1 at 2020-05-18 22:15:07 +0300
Processing by Devise::SessionsController#new as HTML
  Rendered devise/shared/_links.html.erb (1.1ms)
  Rendered devise/sessions/new.html.erb within layouts/application (3.4ms)
Completed 200 OK in 72ms (Views: 70.2ms | ActiveRecord: 0.0ms)


Started GET "/" for 127.0.0.1 at 2020-05-18 22:15:13 +0300
Processing by AccountsController#index as HTML
Completed 401 Unauthorized in 1ms (ActiveRecord: 0.0ms)


Started GET "/accounts/sign_in" for 127.0.0.1 at 2020-05-18 22:15:13 +0300
Processing by Devise::SessionsController#new as HTML
  Rendered devise/shared/_links.html.erb (0.5ms)
  Rendered devise/sessions/new.html.erb within layouts/application (6.1ms)
Completed 200 OK in 72ms (Views: 70.4ms | ActiveRecord: 0.0ms)


Started GET "/accounts/sign_in" for 127.0.0.1 at 2020-05-18 22:17:05 +0300
Processing by Devise::SessionsController#new as HTML
  Rendered devise/shared/_links.html.erb (0.6ms)
  Rendered devise/sessions/new.html.erb within layouts/application (8.7ms)
Completed 200 OK in 72ms (Views: 70.5ms | ActiveRecord: 0.0ms)


Started GET "/" for 127.0.0.1 at 2020-05-18 22:17:08 +0300
Processing by AccountsController#index as HTML
Completed 401 Unauthorized in 2ms (ActiveRecord: 0.0ms)


Started GET "/accounts/sign_in" for 127.0.0.1 at 2020-05-18 22:17:08 +0300
Processing by Devise::SessionsController#new as HTML
  Rendered devise/shared/_links.html.erb (0.3ms)
  Rendered devise/sessions/new.html.erb within layouts/application (6.9ms)
Completed 200 OK in 65ms (Views: 63.8ms | ActiveRecord: 0.0ms)


Started GET "/accounts/sign_in" for 127.0.0.1 at 2020-05-18 22:18:08 +0300
Processing by Devise::SessionsController#new as HTML
  Rendered devise/shared/_links.html.erb (0.4ms)
  Rendered devise/sessions/new.html.erb within layouts/application (7.2ms)
Completed 200 OK in 4531ms (Views: 4523.4ms | ActiveRecord: 0.0ms)


Started GET "/assets/application.self-df82768148840f4b3da14c42a7e713e745fd687a2eba7ae1bdc9ff87280a98d6.css?body=1" for 127.0.0.1 at 2020-05-18 22:18:12 +0300


Started GET "/" for 127.0.0.1 at 2020-05-18 22:18:16 +0300
Processing by AccountsController#index as HTML
Completed 401 Unauthorized in 1ms (ActiveRecord: 0.0ms)


Started GET "/accounts/sign_in" for 127.0.0.1 at 2020-05-18 22:18:16 +0300
Processing by Devise::SessionsController#new as HTML
  Rendered devise/shared/_links.html.erb (0.5ms)
  Rendered devise/sessions/new.html.erb within layouts/application (2.9ms)
Completed 200 OK in 69ms (Views: 67.5ms | ActiveRecord: 0.0ms)


Started GET "/accounts/sign_in" for 127.0.0.1 at 2020-05-18 22:18:53 +0300
Processing by Devise::SessionsController#new as HTML
  Rendered devise/shared/_links.html.erb (0.3ms)
  Rendered devise/sessions/new.html.erb within layouts/application (4.4ms)
Completed 200 OK in 4150ms (Views: 4148.4ms | ActiveRecord: 0.0ms)


Started POST "/accounts/sign_in" for 127.0.0.1 at 2020-05-18 22:18:59 +0300
Processing by Devise::SessionsController#create as HTML
  Parameters: {"utf8"=>"✓", "authenticity_token"=>"hJZvPResSigYTnA+W3syphuW0OH/eGyc2+FdxXrtgwBlr3OyDDGSBbvl/ksWfEX3IXpVXMEt7zlO1mwMIppnVw==", "account"=>{"email"=>"", "password"=>"[FILTERED]"}, "commit"=>"Log in"}
Completed 401 Unauthorized in 7ms (ActiveRecord: 0.0ms)
Processing by Devise::SessionsController#new as HTML
  Parameters: {"utf8"=>"✓", "authenticity_token"=>"hJZvPResSigYTnA+W3syphuW0OH/eGyc2+FdxXrtgwBlr3OyDDGSBbvl/ksWfEX3IXpVXMEt7zlO1mwMIppnVw==", "account"=>{"email"=>"", "password"=>"[FILTERED]"}, "commit"=>"Log in"}
  Rendered devise/shared/_links.html.erb (0.4ms)
  Rendered devise/sessions/new.html.erb within layouts/application (8.7ms)
Completed 200 OK in 81ms (Views: 80.2ms | ActiveRecord: 0.0ms)


Started POST "/accounts/sign_in" for 127.0.0.1 at 2020-05-18 22:19:01 +0300
Processing by Devise::SessionsController#create as HTML
  Parameters: {"utf8"=>"✓", "authenticity_token"=>"aqSdl7eCBiOMbqMWdtObx2+kQzQ5QEigP8tO46MXYtiLnYEYrB/eDi/FLWM71OyWVUjGiQcVywWq/H8q+2CGjw==", "account"=>{"email"=>"", "password"=>"[FILTERED]"}, "commit"=>"Log in"}
Completed 401 Unauthorized in 1ms (ActiveRecord: 0.0ms)
Processing by Devise::SessionsController#new as HTML
  Parameters: {"utf8"=>"✓", "authenticity_token"=>"aqSdl7eCBiOMbqMWdtObx2+kQzQ5QEigP8tO46MXYtiLnYEYrB/eDi/FLWM71OyWVUjGiQcVywWq/H8q+2CGjw==", "account"=>{"email"=>"", "password"=>"[FILTERED]"}, "commit"=>"Log in"}
  Rendered devise/shared/_links.html.erb (0.5ms)
  Rendered devise/sessions/new.html.erb within layouts/application (6.6ms)
Completed 200 OK in 75ms (Views: 73.7ms | ActiveRecord: 0.0ms)


Started GET "/" for 127.0.0.1 at 2020-05-18 22:19:06 +0300
Processing by AccountsController#index as HTML
Completed 401 Unauthorized in 1ms (ActiveRecord: 0.0ms)


Started GET "/accounts/sign_in" for 127.0.0.1 at 2020-05-18 22:19:06 +0300
Processing by Devise::SessionsController#new as HTML
  Rendered devise/shared/_links.html.erb (0.5ms)
  Rendered devise/sessions/new.html.erb within layouts/application (5.1ms)
Completed 200 OK in 53ms (Views: 49.9ms | ActiveRecord: 0.0ms)


Started GET "/accounts/sign_up" for 127.0.0.1 at 2020-05-18 22:20:23 +0300
Processing by Devise::RegistrationsController#new as HTML
  Rendered devise/shared/_error_messages.html.erb (0.1ms)
  Rendered devise/registrations/new.html.erb within layouts/application (57.2ms)
Completed 500 Internal Server Error in 62ms (ActiveRecord: 0.0ms)

ActionView::Template::Error (undefined method `full_name_field' for #<ActionView::Helpers::FormBuilder:0x007fb65866b000>):
    11: 
    12:   <div class="field">
    13:     <%= f.label :full_name %><br />
    14:     <%= f.full_name_field :full_name, autocomplete: "full-name"%>
    15:   </div>
    16: 
    17:   <div class="field">
  app/views/devise/registrations/new.html.erb:14:in `block in _app_views_devise_registrations_new_html_erb___1291556677727974875_70210667621060'
  app/views/devise/registrations/new.html.erb:4:in `_app_views_devise_registrations_new_html_erb___1291556677727974875_70210667621060'


  Rendered /home/solomiya/.rvm/gems/ruby-2.3.0/gems/actionpack-4.2.2/lib/action_dispatch/middleware/templates/rescues/_source.erb (7.1ms)
  Rendered /home/solomiya/.rvm/gems/ruby-2.3.0/gems/actionpack-4.2.2/lib/action_dispatch/middleware/templates/rescues/_trace.html.erb (3.5ms)
  Rendered /home/solomiya/.rvm/gems/ruby-2.3.0/gems/actionpack-4.2.2/lib/action_dispatch/middleware/templates/rescues/_request_and_response.html.erb (1.0ms)
  Rendered /home/solomiya/.rvm/gems/ruby-2.3.0/gems/actionpack-4.2.2/lib/action_dispatch/middleware/templates/rescues/template_error.html.erb within rescues/layout (40.2ms)
  Rendered /home/solomiya/.rvm/gems/ruby-2.3.0/gems/web-console-2.3.0/lib/web_console/templates/_markup.html.erb (0.5ms)
  Rendered /home/solomiya/.rvm/gems/ruby-2.3.0/gems/web-console-2.3.0/lib/web_console/templates/_inner_console_markup.html.erb within layouts/inlined_string (0.5ms)
  Rendered /home/solomiya/.rvm/gems/ruby-2.3.0/gems/web-console-2.3.0/lib/web_console/templates/_prompt_box_markup.html.erb within layouts/inlined_string (4.9ms)
  Rendered /home/solomiya/.rvm/gems/ruby-2.3.0/gems/web-console-2.3.0/lib/web_console/templates/style.css.erb within layouts/inlined_string (1.3ms)
  Rendered /home/solomiya/.rvm/gems/ruby-2.3.0/gems/web-console-2.3.0/lib/web_console/templates/console.js.erb within layouts/javascript (29.4ms)
  Rendered /home/solomiya/.rvm/gems/ruby-2.3.0/gems/web-console-2.3.0/lib/web_console/templates/main.js.erb within layouts/javascript (0.4ms)
  Rendered /home/solomiya/.rvm/gems/ruby-2.3.0/gems/web-console-2.3.0/lib/web_console/templates/error_page.js.erb within layouts/javascript (0.5ms)
  Rendered /home/solomiya/.rvm/gems/ruby-2.3.0/gems/web-console-2.3.0/lib/web_console/templates/index.html.erb (61.1ms)
  [1m[36mActiveRecord::SchemaMigration Load (0.2ms)[0m  [1mSELECT "schema_migrations".* FROM "schema_migrations"[0m
Migrating to ChangeRoleTypeForDepartments (20200518192616)
  [1m[35m (0.2ms)[0m  begin transaction
  [1m[36m (1.1ms)[0m  [1mCREATE TEMPORARY TABLE "adepartments" ("id" INTEGER PRIMARY KEY AUTOINCREMENT NOT NULL, "role" integer, "created_at" datetime NOT NULL, "updated_at" datetime NOT NULL) [0m
  [1m[35m (0.1ms)[0m  SELECT * FROM "departments"
  [1m[36m (5.3ms)[0m  [1mDROP TABLE "departments"[0m
  [1m[35m (0.2ms)[0m  CREATE TABLE "departments" ("id" INTEGER PRIMARY KEY AUTOINCREMENT NOT NULL, "role" varchar, "created_at" datetime NOT NULL, "updated_at" datetime NOT NULL) 
  [1m[36m (0.1ms)[0m  [1mSELECT * FROM "adepartments"[0m
  [1m[35m (0.1ms)[0m  DROP TABLE "adepartments"
  [1m[36mSQL (5.1ms)[0m  [1mINSERT INTO "schema_migrations" ("version") VALUES (?)[0m  [["version", "20200518192616"]]
  [1m[35m (124.8ms)[0m  commit transaction
  [1m[36mActiveRecord::SchemaMigration Load (0.2ms)[0m  [1mSELECT "schema_migrations".* FROM "schema_migrations"[0m
  [1m[35m (0.1ms)[0m              SELECT sql
            FROM sqlite_master
            WHERE name='index_accounts_on_reset_password_token' AND type='index'
            UNION ALL
            SELECT sql
            FROM sqlite_temp_master
            WHERE name='index_accounts_on_reset_password_token' AND type='index'

  [1m[36m (0.1ms)[0m  [1m            SELECT sql
            FROM sqlite_master
            WHERE name='index_accounts_on_email' AND type='index'
            UNION ALL
            SELECT sql
            FROM sqlite_temp_master
            WHERE name='index_accounts_on_email' AND type='index'
[0m


Started GET "/departments" for 127.0.0.1 at 2020-05-18 22:27:12 +0300
  [1m[36mActiveRecord::SchemaMigration Load (0.4ms)[0m  [1mSELECT "schema_migrations".* FROM "schema_migrations"[0m
Processing by DepartmentsController#index as HTML
  [1m[35mDepartment Load (0.2ms)[0m  SELECT "departments".* FROM "departments"
  Rendered departments/index.html.erb within layouts/application (4.6ms)
Completed 200 OK in 65ms (Views: 59.5ms | ActiveRecord: 0.4ms)


Started GET "/departments/new" for 127.0.0.1 at 2020-05-18 22:27:14 +0300
Processing by DepartmentsController#new as HTML
  Rendered departments/_form.html.erb (8.8ms)
  Rendered departments/new.html.erb within layouts/application (10.2ms)
Completed 200 OK in 71ms (Views: 67.1ms | ActiveRecord: 0.4ms)


Started GET "/departments/new" for 127.0.0.1 at 2020-05-18 22:28:03 +0300
Processing by DepartmentsController#new as HTML
  Rendered departments/_form.html.erb (37.2ms)
  Rendered departments/new.html.erb within layouts/application (38.2ms)
Completed 200 OK in 95ms (Views: 94.0ms | ActiveRecord: 0.0ms)


Started POST "/departments" for 127.0.0.1 at 2020-05-18 22:28:14 +0300
Processing by DepartmentsController#create as HTML
  Parameters: {"utf8"=>"✓", "authenticity_token"=>"LDOzY7w2iG/8vtqkuSU5ZDaAJh0e10s80KyjesjyokHNCq/sp6tQQl8VVNH0Ik41DGyjoCCCyJlFm5KzkIVGFg==", "department"=>{"role"=>"Administrator"}, "commit"=>"Create Department"}
  [1m[36m (0.1ms)[0m  [1mbegin transaction[0m
  [1m[35mSQL (0.4ms)[0m  INSERT INTO "departments" ("role", "created_at", "updated_at") VALUES (?, ?, ?)  [["role", "Administrator"], ["created_at", "2020-05-18 19:28:14.070690"], ["updated_at", "2020-05-18 19:28:14.070690"]]
  [1m[36m (281.9ms)[0m  [1mcommit transaction[0m
Redirected to http://localhost:3000/departments/1
Completed 302 Found in 288ms (ActiveRecord: 282.5ms)


Started GET "/departments/1" for 127.0.0.1 at 2020-05-18 22:28:14 +0300
Processing by DepartmentsController#show as HTML
  Parameters: {"id"=>"1"}
  [1m[35mDepartment Load (0.3ms)[0m  SELECT  "departments".* FROM "departments" WHERE "departments"."id" = ? LIMIT 1  [["id", 1]]
  Rendered departments/show.html.erb within layouts/application (1.6ms)
Completed 200 OK in 92ms (Views: 60.5ms | ActiveRecord: 0.3ms)


Started GET "/departments" for 127.0.0.1 at 2020-05-18 22:28:16 +0300
Processing by DepartmentsController#index as HTML
  [1m[36mDepartment Load (0.2ms)[0m  [1mSELECT "departments".* FROM "departments"[0m
  Rendered departments/index.html.erb within layouts/application (2.9ms)
Completed 200 OK in 68ms (Views: 66.8ms | ActiveRecord: 0.2ms)


Started GET "/departments/new" for 127.0.0.1 at 2020-05-18 22:28:17 +0300
Processing by DepartmentsController#new as HTML
  Rendered departments/_form.html.erb (5.7ms)
  Rendered departments/new.html.erb within layouts/application (6.7ms)
Completed 200 OK in 71ms (Views: 70.0ms | ActiveRecord: 0.0ms)


Started POST "/departments" for 127.0.0.1 at 2020-05-18 22:28:25 +0300
Processing by DepartmentsController#create as HTML
  Parameters: {"utf8"=>"✓", "authenticity_token"=>"U2zJfa0Cc2PRCtYj2kpoh9DJ83f0Uussow0A2BXce3yyVdXytp+rTnKhWFaXTR/W6iV2ysoHaIk2OjERTaufKw==", "department"=>{"role"=>"Seller"}, "commit"=>"Create Department"}
  [1m[35m (0.1ms)[0m  begin transaction
  [1m[36mSQL (0.3ms)[0m  [1mINSERT INTO "departments" ("role", "created_at", "updated_at") VALUES (?, ?, ?)[0m  [["role", "Seller"], ["created_at", "2020-05-18 19:28:25.479317"], ["updated_at", "2020-05-18 19:28:25.479317"]]
  [1m[35m (281.2ms)[0m  commit transaction
Redirected to http://localhost:3000/departments/2
Completed 302 Found in 286ms (ActiveRecord: 281.6ms)


Started GET "/departments/2" for 127.0.0.1 at 2020-05-18 22:28:25 +0300
Processing by DepartmentsController#show as HTML
  Parameters: {"id"=>"2"}
  [1m[36mDepartment Load (0.2ms)[0m  [1mSELECT  "departments".* FROM "departments" WHERE "departments"."id" = ? LIMIT 1[0m  [["id", 2]]
  Rendered departments/show.html.erb within layouts/application (0.7ms)
Completed 200 OK in 56ms (Views: 52.2ms | ActiveRecord: 0.2ms)


Started GET "/departments/2/edit" for 127.0.0.1 at 2020-05-18 22:28:27 +0300
Processing by DepartmentsController#edit as HTML
  Parameters: {"id"=>"2"}
  [1m[35mDepartment Load (0.3ms)[0m  SELECT  "departments".* FROM "departments" WHERE "departments"."id" = ? LIMIT 1  [["id", 2]]
  Rendered departments/_form.html.erb (1.8ms)
  Rendered departments/edit.html.erb within layouts/application (7.2ms)
Completed 200 OK in 80ms (Views: 76.1ms | ActiveRecord: 0.3ms)


Started GET "/departments" for 127.0.0.1 at 2020-05-18 22:28:28 +0300
Processing by DepartmentsController#index as HTML
  [1m[36mDepartment Load (0.2ms)[0m  [1mSELECT "departments".* FROM "departments"[0m
  Rendered departments/index.html.erb within layouts/application (7.5ms)
Completed 200 OK in 65ms (Views: 63.9ms | ActiveRecord: 0.2ms)


Started GET "/departments/new" for 127.0.0.1 at 2020-05-18 22:28:30 +0300
Processing by DepartmentsController#new as HTML
  Rendered departments/_form.html.erb (7.2ms)
  Rendered departments/new.html.erb within layouts/application (16.0ms)
Completed 200 OK in 87ms (Views: 85.9ms | ActiveRecord: 0.0ms)


Started POST "/departments" for 127.0.0.1 at 2020-05-18 22:28:49 +0300
Processing by DepartmentsController#create as HTML
  Parameters: {"utf8"=>"✓", "authenticity_token"=>"DCuZcjKSFl1Qfug6EIzayuMLlXcPqO2LWZI6MQyNs8DtEoX9KQ/OcPPVZk9di62b2ecQyjH9bi7MpQv4VPpXlw==", "department"=>{"role"=>"HR department"}, "commit"=>"Create Department"}
  [1m[35m (0.1ms)[0m  begin transaction
  [1m[36mSQL (0.5ms)[0m  [1mINSERT INTO "departments" ("role", "created_at", "updated_at") VALUES (?, ?, ?)[0m  [["role", "HR department"], ["created_at", "2020-05-18 19:28:49.365669"], ["updated_at", "2020-05-18 19:28:49.365669"]]
  [1m[35m (263.8ms)[0m  commit transaction
Redirected to http://localhost:3000/departments/3
Completed 302 Found in 272ms (ActiveRecord: 264.4ms)


Started GET "/departments/3" for 127.0.0.1 at 2020-05-18 22:28:49 +0300
Processing by DepartmentsController#show as HTML
  Parameters: {"id"=>"3"}
  [1m[36mDepartment Load (0.2ms)[0m  [1mSELECT  "departments".* FROM "departments" WHERE "departments"."id" = ? LIMIT 1[0m  [["id", 3]]
  Rendered departments/show.html.erb within layouts/application (0.4ms)
Completed 200 OK in 68ms (Views: 66.5ms | ActiveRecord: 0.2ms)


Started GET "/departments" for 127.0.0.1 at 2020-05-18 22:28:51 +0300
Processing by DepartmentsController#index as HTML
  [1m[35mDepartment Load (0.3ms)[0m  SELECT "departments".* FROM "departments"
  Rendered departments/index.html.erb within layouts/application (6.5ms)
Completed 200 OK in 59ms (Views: 57.9ms | ActiveRecord: 0.3ms)


Started GET "/departments/new" for 127.0.0.1 at 2020-05-18 22:28:53 +0300
Processing by DepartmentsController#new as HTML
  Rendered departments/_form.html.erb (2.5ms)
  Rendered departments/new.html.erb within layouts/application (4.1ms)
Completed 200 OK in 62ms (Views: 60.9ms | ActiveRecord: 0.0ms)


Started POST "/departments" for 127.0.0.1 at 2020-05-18 22:28:57 +0300
Processing by DepartmentsController#create as HTML
  Parameters: {"utf8"=>"✓", "authenticity_token"=>"RCOSlnXnUHbc/gUWPHGBnG3iNPv1DbRBYIIfTTwTN9elGo4ZbnqIW39Vi2NxdvbNVw6xRstYN+T1tS6EZGTTgA==", "department"=>{"role"=>"Analyst"}, "commit"=>"Create Department"}
  [1m[36m (0.1ms)[0m  [1mbegin transaction[0m
  [1m[35mSQL (0.3ms)[0m  INSERT INTO "departments" ("role", "created_at", "updated_at") VALUES (?, ?, ?)  [["role", "Analyst"], ["created_at", "2020-05-18 19:28:57.788152"], ["updated_at", "2020-05-18 19:28:57.788152"]]
  [1m[36m (165.0ms)[0m  [1mcommit transaction[0m
Redirected to http://localhost:3000/departments/4
Completed 302 Found in 175ms (ActiveRecord: 165.4ms)


Started GET "/departments/4" for 127.0.0.1 at 2020-05-18 22:28:57 +0300
Processing by DepartmentsController#show as HTML
  Parameters: {"id"=>"4"}
  [1m[35mDepartment Load (0.2ms)[0m  SELECT  "departments".* FROM "departments" WHERE "departments"."id" = ? LIMIT 1  [["id", 4]]
  Rendered departments/show.html.erb within layouts/application (0.5ms)
Completed 200 OK in 49ms (Views: 47.1ms | ActiveRecord: 0.2ms)


Started GET "/departments" for 127.0.0.1 at 2020-05-18 22:28:59 +0300
Processing by DepartmentsController#index as HTML
  [1m[36mDepartment Load (0.2ms)[0m  [1mSELECT "departments".* FROM "departments"[0m
  Rendered departments/index.html.erb within layouts/application (4.1ms)
Completed 200 OK in 88ms (Views: 86.3ms | ActiveRecord: 0.2ms)


Started GET "/accounts/sign_up" for 127.0.0.1 at 2020-05-18 22:35:53 +0300
Processing by Devise::RegistrationsController#new as HTML
  Rendered devise/shared/_error_messages.html.erb (0.1ms)
  Rendered devise/shared/_links.html.erb (0.4ms)
  Rendered devise/registrations/new.html.erb within layouts/application (31.9ms)
Completed 200 OK in 101ms (Views: 89.8ms | ActiveRecord: 0.9ms)


Started POST "/accounts" for 127.0.0.1 at 2020-05-18 22:36:00 +0300
Processing by Devise::RegistrationsController#create as HTML
  Parameters: {"utf8"=>"✓", "authenticity_token"=>"J9D330K3O9jCmnex8PlX5VpWs2pzjGZwEIeMrTb9kDDG6etQWSrj9WEx+cS9/iC0YLo2103Z5dWFsL1kbop0Zw==", "account"=>{"email"=>"", "password"=>"[FILTERED]", "password_confirmation"=>"[FILTERED]"}, "commit"=>"Sign up"}
  [1m[35m (0.1ms)[0m  begin transaction
  [1m[36m (0.1ms)[0m  [1mrollback transaction[0m
  Rendered devise/shared/_error_messages.html.erb (2.8ms)
  Rendered devise/shared/_links.html.erb (0.3ms)
  Rendered devise/registrations/new.html.erb within layouts/application (17.7ms)
Completed 200 OK in 105ms (Views: 86.6ms | ActiveRecord: 0.2ms)


Started GET "/" for 127.0.0.1 at 2020-05-18 22:36:45 +0300
Processing by AccountsController#index as HTML
Completed 401 Unauthorized in 1ms (ActiveRecord: 0.0ms)


Started GET "/accounts/sign_in" for 127.0.0.1 at 2020-05-18 22:36:45 +0300
Processing by Devise::SessionsController#new as HTML
  Rendered devise/shared/_links.html.erb (0.5ms)
  Rendered devise/sessions/new.html.erb within layouts/application (2.6ms)
Completed 200 OK in 74ms (Views: 68.2ms | ActiveRecord: 0.0ms)


Started POST "/accounts/sign_in" for 127.0.0.1 at 2020-05-18 22:36:52 +0300
Processing by Devise::SessionsController#create as HTML
  Parameters: {"utf8"=>"✓", "authenticity_token"=>"un3OsqMmPUi7XRrVRKwwkiBePlozCx3ZyksJeqHo3t5bRNI9uLvlZRj2lKAJq0fDGrK75w1ennxffDiz+Z86iQ==", "account"=>{"email"=>"meowmeow@gmail.com", "password"=>"[FILTERED]"}, "commit"=>"Log in"}
  [1m[35mAccount Load (0.6ms)[0m  SELECT  "accounts".* FROM "accounts" WHERE "accounts"."email" = ?  ORDER BY "accounts"."id" ASC LIMIT 1  [["email", "meowmeow@gmail.com"]]
Redirected to http://localhost:3000/
Completed 302 Found in 170ms (ActiveRecord: 0.6ms)


Started GET "/" for 127.0.0.1 at 2020-05-18 22:36:52 +0300
Processing by AccountsController#index as HTML
  [1m[36mAccount Load (6.0ms)[0m  [1mSELECT  "accounts".* FROM "accounts" WHERE "accounts"."id" = ?  ORDER BY "accounts"."id" ASC LIMIT 1[0m  [["id", 1]]
  [1m[35mAccount Load (0.4ms)[0m  SELECT "accounts".* FROM "accounts"
  Rendered accounts/index.html.erb within layouts/application (1.9ms)
Completed 200 OK in 69ms (Views: 60.2ms | ActiveRecord: 6.4ms)


Started GET "/employees" for 127.0.0.1 at 2020-05-18 22:37:00 +0300
Processing by EmployeesController#index as HTML
  [1m[36mEmployee Load (0.2ms)[0m  [1mSELECT "employees".* FROM "employees"[0m
  Rendered employees/index.html.erb within layouts/application (8.0ms)
  [1m[35mAccount Load (0.1ms)[0m  SELECT  "accounts".* FROM "accounts" WHERE "accounts"."id" = ?  ORDER BY "accounts"."id" ASC LIMIT 1  [["id", 1]]
Completed 200 OK in 90ms (Views: 76.0ms | ActiveRecord: 0.5ms)


Started GET "/employees/new" for 127.0.0.1 at 2020-05-18 22:37:03 +0300
Processing by EmployeesController#new as HTML
  Rendered employees/_form.html.erb (11.8ms)
  Rendered employees/new.html.erb within layouts/application (14.1ms)
Completed 500 Internal Server Error in 25ms (ActiveRecord: 1.8ms)

ActionView::Template::Error (undefined method `nickname' for #<Employee:0x007fb6625458d8>):
    13: 
    14:   <div class="field">
    15:     <%= f.label :nickname %><br>
    16:     <%= f.text_field :nickname %>
    17:   </div>
    18:   <div class="field">
    19:     <%= f.label :full_name %><br>
  app/views/employees/_form.html.erb:16:in `block in _app_views_employees__form_html_erb___1482932624923186494_70210663272720'
  app/views/employees/_form.html.erb:1:in `_app_views_employees__form_html_erb___1482932624923186494_70210663272720'
  app/views/employees/new.html.erb:3:in `_app_views_employees_new_html_erb__3528985419057639412_70210575051480'


  Rendered /home/solomiya/.rvm/gems/ruby-2.3.0/gems/actionpack-4.2.2/lib/action_dispatch/middleware/templates/rescues/_source.erb (9.3ms)
  Rendered /home/solomiya/.rvm/gems/ruby-2.3.0/gems/actionpack-4.2.2/lib/action_dispatch/middleware/templates/rescues/_trace.html.erb (4.8ms)
  Rendered /home/solomiya/.rvm/gems/ruby-2.3.0/gems/actionpack-4.2.2/lib/action_dispatch/middleware/templates/rescues/_request_and_response.html.erb (1.2ms)
  Rendered /home/solomiya/.rvm/gems/ruby-2.3.0/gems/actionpack-4.2.2/lib/action_dispatch/middleware/templates/rescues/template_error.html.erb within rescues/layout (31.8ms)
  Rendered /home/solomiya/.rvm/gems/ruby-2.3.0/gems/web-console-2.3.0/lib/web_console/templates/_markup.html.erb (0.7ms)
  Rendered /home/solomiya/.rvm/gems/ruby-2.3.0/gems/web-console-2.3.0/lib/web_console/templates/_inner_console_markup.html.erb within layouts/inlined_string (0.5ms)
  Rendered /home/solomiya/.rvm/gems/ruby-2.3.0/gems/web-console-2.3.0/lib/web_console/templates/_prompt_box_markup.html.erb within layouts/inlined_string (0.4ms)
  Rendered /home/solomiya/.rvm/gems/ruby-2.3.0/gems/web-console-2.3.0/lib/web_console/templates/style.css.erb within layouts/inlined_string (0.4ms)
  Rendered /home/solomiya/.rvm/gems/ruby-2.3.0/gems/web-console-2.3.0/lib/web_console/templates/console.js.erb within layouts/javascript (18.2ms)
  Rendered /home/solomiya/.rvm/gems/ruby-2.3.0/gems/web-console-2.3.0/lib/web_console/templates/main.js.erb within layouts/javascript (0.5ms)
  Rendered /home/solomiya/.rvm/gems/ruby-2.3.0/gems/web-console-2.3.0/lib/web_console/templates/error_page.js.erb within layouts/javascript (0.6ms)
  Rendered /home/solomiya/.rvm/gems/ruby-2.3.0/gems/web-console-2.3.0/lib/web_console/templates/index.html.erb (38.2ms)


Started GET "/employees/new" for 127.0.0.1 at 2020-05-18 22:37:28 +0300
Processing by EmployeesController#new as HTML
  Rendered employees/_form.html.erb (17.9ms)
  Rendered employees/new.html.erb within layouts/application (18.8ms)
  [1m[36mAccount Load (0.2ms)[0m  [1mSELECT  "accounts".* FROM "accounts" WHERE "accounts"."id" = ?  ORDER BY "accounts"."id" ASC LIMIT 1[0m  [["id", 1]]
Completed 200 OK in 100ms (Views: 99.1ms | ActiveRecord: 0.2ms)


Started GET "/employees/new" for 127.0.0.1 at 2020-05-18 22:37:54 +0300
Processing by EmployeesController#new as HTML
  Rendered employees/_form.html.erb (4.1ms)
  Rendered employees/new.html.erb within layouts/application (5.6ms)
  [1m[35mAccount Load (0.1ms)[0m  SELECT  "accounts".* FROM "accounts" WHERE "accounts"."id" = ?  ORDER BY "accounts"."id" ASC LIMIT 1  [["id", 1]]
Completed 200 OK in 86ms (Views: 84.2ms | ActiveRecord: 0.1ms)


Started GET "/employees/new" for 127.0.0.1 at 2020-05-18 22:41:22 +0300
Processing by EmployeesController#new as HTML
  Rendered employees/_form.html.erb (5.9ms)
  Rendered employees/new.html.erb within layouts/application (11.9ms)
  [1m[36mAccount Load (0.2ms)[0m  [1mSELECT  "accounts".* FROM "accounts" WHERE "accounts"."id" = ?  ORDER BY "accounts"."id" ASC LIMIT 1[0m  [["id", 1]]
Completed 200 OK in 72ms (Views: 71.1ms | ActiveRecord: 0.2ms)


Started GET "/employees/new" for 127.0.0.1 at 2020-05-18 22:41:24 +0300
Processing by EmployeesController#new as HTML
  Rendered employees/_form.html.erb (5.2ms)
  Rendered employees/new.html.erb within layouts/application (7.9ms)
  [1m[35mAccount Load (0.1ms)[0m  SELECT  "accounts".* FROM "accounts" WHERE "accounts"."id" = ?  ORDER BY "accounts"."id" ASC LIMIT 1  [["id", 1]]
Completed 200 OK in 80ms (Views: 79.2ms | ActiveRecord: 0.1ms)


Started GET "/" for 127.0.0.1 at 2020-05-18 22:41:28 +0300
Processing by AccountsController#index as HTML
  [1m[36mAccount Load (0.1ms)[0m  [1mSELECT  "accounts".* FROM "accounts" WHERE "accounts"."id" = ?  ORDER BY "accounts"."id" ASC LIMIT 1[0m  [["id", 1]]
  [1m[35mAccount Load (0.2ms)[0m  SELECT "accounts".* FROM "accounts"
  Rendered accounts/index.html.erb within layouts/application (1.2ms)
Completed 200 OK in 75ms (Views: 67.6ms | ActiveRecord: 0.4ms)


Started GET "/accounts/new" for 127.0.0.1 at 2020-05-18 22:41:37 +0300
Processing by AccountsController#new as HTML
  [1m[36mAccount Load (0.1ms)[0m  [1mSELECT  "accounts".* FROM "accounts" WHERE "accounts"."id" = ?  ORDER BY "accounts"."id" ASC LIMIT 1[0m  [["id", 1]]
  Rendered accounts/_form.html.erb (3.6ms)
  Rendered accounts/new.html.erb within layouts/application (9.4ms)
Completed 200 OK in 77ms (Views: 71.2ms | ActiveRecord: 0.1ms)


Started DELETE "/accounts/sign_out" for 127.0.0.1 at 2020-05-18 22:41:41 +0300
Processing by Devise::SessionsController#destroy as HTML
  Parameters: {"authenticity_token"=>"p3rnMmKoY2xvg/u4b2am3PWNI6aKelQ6ZqQFyvspPK/kle0/Cy860rYHtN76CtDlpEL6bhPyC1dv0zHH9TwAcg=="}
  [1m[35mAccount Load (0.1ms)[0m  SELECT  "accounts".* FROM "accounts" WHERE "accounts"."id" = ?  ORDER BY "accounts"."id" ASC LIMIT 1  [["id", 1]]
  [1m[36m (0.1ms)[0m  [1mbegin transaction[0m
  [1m[35m (0.1ms)[0m  commit transaction
Redirected to http://localhost:3000/
Completed 302 Found in 16ms (ActiveRecord: 0.4ms)


Started GET "/" for 127.0.0.1 at 2020-05-18 22:41:41 +0300
Processing by AccountsController#index as HTML
Completed 401 Unauthorized in 1ms (ActiveRecord: 0.0ms)


Started GET "/accounts/sign_in" for 127.0.0.1 at 2020-05-18 22:41:41 +0300
Processing by Devise::SessionsController#new as HTML
  Rendered devise/shared/_links.html.erb (0.4ms)
  Rendered devise/sessions/new.html.erb within layouts/application (2.6ms)
Completed 200 OK in 52ms (Views: 50.9ms | ActiveRecord: 0.0ms)


Started GET "/accounts/sign_up" for 127.0.0.1 at 2020-05-18 22:41:45 +0300
Processing by Devise::RegistrationsController#new as HTML
  Rendered devise/shared/_error_messages.html.erb (0.1ms)
  Rendered devise/shared/_links.html.erb (0.3ms)
  Rendered devise/registrations/new.html.erb within layouts/application (10.8ms)
Completed 200 OK in 75ms (Views: 73.9ms | ActiveRecord: 0.0ms)


Started GET "/employees" for 127.0.0.1 at 2020-05-18 22:43:00 +0300
Processing by EmployeesController#index as HTML
  [1m[36mEmployee Load (0.2ms)[0m  [1mSELECT "employees".* FROM "employees"[0m
  Rendered employees/index.html.erb within layouts/application (1.1ms)
Completed 200 OK in 50ms (Views: 48.6ms | ActiveRecord: 0.2ms)


Started GET "/accounts/sign_up" for 127.0.0.1 at 2020-05-18 22:44:25 +0300
Processing by Devise::RegistrationsController#new as HTML
  Rendered devise/shared/_error_messages.html.erb (0.1ms)
  Rendered devise/shared/_links.html.erb (0.5ms)
  Rendered devise/registrations/new.html.erb within layouts/application (11.2ms)
Completed 200 OK in 84ms (Views: 72.9ms | ActiveRecord: 0.8ms)


Started GET "/accounts/sign_up" for 127.0.0.1 at 2020-05-18 22:44:27 +0300
Processing by Devise::RegistrationsController#new as HTML
  Rendered devise/shared/_error_messages.html.erb (0.1ms)
  Rendered devise/shared/_links.html.erb (0.3ms)
  Rendered devise/registrations/new.html.erb within layouts/application (10.4ms)
Completed 200 OK in 70ms (Views: 68.7ms | ActiveRecord: 0.0ms)


Started GET "/accounts/sign_up" for 127.0.0.1 at 2020-05-18 22:44:28 +0300
Processing by Devise::RegistrationsController#new as HTML
  Rendered devise/shared/_error_messages.html.erb (0.1ms)
  Rendered devise/shared/_links.html.erb (0.4ms)
  Rendered devise/registrations/new.html.erb within layouts/application (8.5ms)
Completed 200 OK in 100ms (Views: 94.4ms | ActiveRecord: 0.0ms)


Started GET "/accounts/sign_up" for 127.0.0.1 at 2020-05-18 22:44:29 +0300
Processing by Devise::RegistrationsController#new as HTML
  Rendered devise/shared/_error_messages.html.erb (1.6ms)
  Rendered devise/shared/_links.html.erb (0.3ms)
  Rendered devise/registrations/new.html.erb within layouts/application (8.5ms)
Completed 200 OK in 88ms (Views: 86.5ms | ActiveRecord: 0.0ms)


Started GET "/accounts/sign_up" for 127.0.0.1 at 2020-05-18 22:44:30 +0300
Processing by Devise::RegistrationsController#new as HTML
  Rendered devise/shared/_error_messages.html.erb (0.1ms)
  Rendered devise/shared/_links.html.erb (0.6ms)
  Rendered devise/registrations/new.html.erb within layouts/application (6.1ms)
Completed 200 OK in 71ms (Views: 69.1ms | ActiveRecord: 0.0ms)


Started GET "/accounts/sign_up" for 127.0.0.1 at 2020-05-18 22:44:31 +0300
Processing by Devise::RegistrationsController#new as HTML
  Rendered devise/shared/_error_messages.html.erb (0.0ms)
  Rendered devise/shared/_links.html.erb (0.3ms)
  Rendered devise/registrations/new.html.erb within layouts/application (4.6ms)
Completed 200 OK in 57ms (Views: 56.0ms | ActiveRecord: 0.0ms)


Started GET "/accounts/sign_up" for 127.0.0.1 at 2020-05-18 22:44:32 +0300
Processing by Devise::RegistrationsController#new as HTML
  Rendered devise/shared/_error_messages.html.erb (0.1ms)
  Rendered devise/shared/_links.html.erb (0.3ms)
  Rendered devise/registrations/new.html.erb within layouts/application (7.0ms)
Completed 200 OK in 71ms (Views: 69.4ms | ActiveRecord: 0.0ms)


Started GET "/accounts/sign_up" for 127.0.0.1 at 2020-05-18 22:49:33 +0300
Processing by Devise::RegistrationsController#new as HTML
  Rendered devise/shared/_error_messages.html.erb (0.1ms)
  Rendered devise/shared/_links.html.erb (0.4ms)
  Rendered devise/registrations/new.html.erb within layouts/application (15.2ms)
Completed 200 OK in 104ms (Views: 102.5ms | ActiveRecord: 0.0ms)
  Rendered /home/solomiya/.rvm/gems/ruby-2.3.0/gems/web-console-2.3.0/lib/web_console/templates/_markup.html.erb (2.8ms)
  Rendered /home/solomiya/.rvm/gems/ruby-2.3.0/gems/web-console-2.3.0/lib/web_console/templates/_inner_console_markup.html.erb within layouts/inlined_string (0.6ms)
  Rendered /home/solomiya/.rvm/gems/ruby-2.3.0/gems/web-console-2.3.0/lib/web_console/templates/_prompt_box_markup.html.erb within layouts/inlined_string (2.7ms)
  Rendered /home/solomiya/.rvm/gems/ruby-2.3.0/gems/web-console-2.3.0/lib/web_console/templates/style.css.erb within layouts/inlined_string (0.5ms)
  Rendered /home/solomiya/.rvm/gems/ruby-2.3.0/gems/web-console-2.3.0/lib/web_console/templates/console.js.erb within layouts/javascript (29.9ms)
  Rendered /home/solomiya/.rvm/gems/ruby-2.3.0/gems/web-console-2.3.0/lib/web_console/templates/main.js.erb within layouts/javascript (0.5ms)
  Rendered /home/solomiya/.rvm/gems/ruby-2.3.0/gems/web-console-2.3.0/lib/web_console/templates/index.html.erb (59.0ms)


Started PUT "/__web_console/repl_sessions/14c2086fd9194bbfeb60a72ca563886a" for 127.0.0.1 at 2020-05-18 22:49:36 +0300


Started PUT "/__web_console/repl_sessions/14c2086fd9194bbfeb60a72ca563886a" for 127.0.0.1 at 2020-05-18 22:49:40 +0300


Started PUT "/__web_console/repl_sessions/14c2086fd9194bbfeb60a72ca563886a" for 127.0.0.1 at 2020-05-18 22:49:42 +0300


Started PUT "/__web_console/repl_sessions/14c2086fd9194bbfeb60a72ca563886a" for 127.0.0.1 at 2020-05-18 22:49:54 +0300


Started GET "/accounts/sign_up" for 127.0.0.1 at 2020-05-18 22:52:12 +0300
Processing by Devise::RegistrationsController#new as HTML
  Rendered devise/shared/_error_messages.html.erb (0.1ms)
  Rendered devise/shared/_links.html.erb (0.5ms)
  Rendered devise/registrations/new.html.erb within layouts/application (5.1ms)
Completed 200 OK in 67ms (Views: 52.7ms | ActiveRecord: 0.8ms)
  Rendered /home/solomiya/.rvm/gems/ruby-2.3.0/gems/web-console-2.3.0/lib/web_console/templates/_markup.html.erb (1.2ms)
  Rendered /home/solomiya/.rvm/gems/ruby-2.3.0/gems/web-console-2.3.0/lib/web_console/templates/_inner_console_markup.html.erb within layouts/inlined_string (0.6ms)
  Rendered /home/solomiya/.rvm/gems/ruby-2.3.0/gems/web-console-2.3.0/lib/web_console/templates/_prompt_box_markup.html.erb within layouts/inlined_string (0.4ms)
  Rendered /home/solomiya/.rvm/gems/ruby-2.3.0/gems/web-console-2.3.0/lib/web_console/templates/style.css.erb within layouts/inlined_string (0.7ms)
  Rendered /home/solomiya/.rvm/gems/ruby-2.3.0/gems/web-console-2.3.0/lib/web_console/templates/console.js.erb within layouts/javascript (30.4ms)
  Rendered /home/solomiya/.rvm/gems/ruby-2.3.0/gems/web-console-2.3.0/lib/web_console/templates/main.js.erb within layouts/javascript (0.5ms)
  Rendered /home/solomiya/.rvm/gems/ruby-2.3.0/gems/web-console-2.3.0/lib/web_console/templates/index.html.erb (71.1ms)


Started PUT "/__web_console/repl_sessions/55ec2794bdcc066fae8d1230c569a683" for 127.0.0.1 at 2020-05-18 22:52:21 +0300


Started PUT "/__web_console/repl_sessions/55ec2794bdcc066fae8d1230c569a683" for 127.0.0.1 at 2020-05-18 22:52:29 +0300


Started PUT "/__web_console/repl_sessions/55ec2794bdcc066fae8d1230c569a683" for 127.0.0.1 at 2020-05-18 22:52:31 +0300


Started GET "/accounts/sign_up" for 127.0.0.1 at 2020-05-18 22:56:21 +0300
Processing by Devise::RegistrationsController#new as HTML
  Rendered devise/shared/_error_messages.html.erb (0.1ms)
  Rendered devise/shared/_links.html.erb (0.4ms)
  Rendered devise/registrations/new.html.erb within layouts/application (15.8ms)
Completed 200 OK in 87ms (Views: 74.9ms | ActiveRecord: 0.9ms)
  Rendered /home/solomiya/.rvm/gems/ruby-2.3.0/gems/web-console-2.3.0/lib/web_console/templates/_markup.html.erb (0.7ms)
  Rendered /home/solomiya/.rvm/gems/ruby-2.3.0/gems/web-console-2.3.0/lib/web_console/templates/_inner_console_markup.html.erb within layouts/inlined_string (0.5ms)
  Rendered /home/solomiya/.rvm/gems/ruby-2.3.0/gems/web-console-2.3.0/lib/web_console/templates/_prompt_box_markup.html.erb within layouts/inlined_string (0.6ms)
  Rendered /home/solomiya/.rvm/gems/ruby-2.3.0/gems/web-console-2.3.0/lib/web_console/templates/style.css.erb within layouts/inlined_string (0.6ms)
  Rendered /home/solomiya/.rvm/gems/ruby-2.3.0/gems/web-console-2.3.0/lib/web_console/templates/console.js.erb within layouts/javascript (22.4ms)
  Rendered /home/solomiya/.rvm/gems/ruby-2.3.0/gems/web-console-2.3.0/lib/web_console/templates/main.js.erb within layouts/javascript (0.5ms)
  Rendered /home/solomiya/.rvm/gems/ruby-2.3.0/gems/web-console-2.3.0/lib/web_console/templates/index.html.erb (42.2ms)


Started PUT "/__web_console/repl_sessions/cf76b80c9209edeb7384c7edec849e7e" for 127.0.0.1 at 2020-05-18 22:56:26 +0300


Started PUT "/__web_console/repl_sessions/cf76b80c9209edeb7384c7edec849e7e" for 127.0.0.1 at 2020-05-18 22:56:31 +0300


Started PUT "/__web_console/repl_sessions/cf76b80c9209edeb7384c7edec849e7e" for 127.0.0.1 at 2020-05-18 22:57:08 +0300


Started PUT "/__web_console/repl_sessions/cf76b80c9209edeb7384c7edec849e7e" for 127.0.0.1 at 2020-05-18 22:57:16 +0300


Started PUT "/__web_console/repl_sessions/cf76b80c9209edeb7384c7edec849e7e" for 127.0.0.1 at 2020-05-18 22:57:21 +0300


Started GET "/accounts/sign_up" for 127.0.0.1 at 2020-05-18 23:01:00 +0300
Processing by Devise::RegistrationsController#new as HTML
  Rendered devise/shared/_error_messages.html.erb (0.1ms)
  Rendered devise/shared/_links.html.erb (0.4ms)
  Rendered devise/registrations/new.html.erb within layouts/application (7.0ms)
Completed 200 OK in 66ms (Views: 56.2ms | ActiveRecord: 0.7ms)
  Rendered /home/solomiya/.rvm/gems/ruby-2.3.0/gems/web-console-2.3.0/lib/web_console/templates/_markup.html.erb (0.6ms)
  Rendered /home/solomiya/.rvm/gems/ruby-2.3.0/gems/web-console-2.3.0/lib/web_console/templates/_inner_console_markup.html.erb within layouts/inlined_string (0.5ms)
  Rendered /home/solomiya/.rvm/gems/ruby-2.3.0/gems/web-console-2.3.0/lib/web_console/templates/_prompt_box_markup.html.erb within layouts/inlined_string (0.4ms)
  Rendered /home/solomiya/.rvm/gems/ruby-2.3.0/gems/web-console-2.3.0/lib/web_console/templates/style.css.erb within layouts/inlined_string (0.5ms)
  Rendered /home/solomiya/.rvm/gems/ruby-2.3.0/gems/web-console-2.3.0/lib/web_console/templates/console.js.erb within layouts/javascript (20.9ms)
  Rendered /home/solomiya/.rvm/gems/ruby-2.3.0/gems/web-console-2.3.0/lib/web_console/templates/main.js.erb within layouts/javascript (1.0ms)
  Rendered /home/solomiya/.rvm/gems/ruby-2.3.0/gems/web-console-2.3.0/lib/web_console/templates/index.html.erb (41.7ms)


Started GET "/accounts/sign_up" for 127.0.0.1 at 2020-05-18 23:07:06 +0300
Processing by Devise::RegistrationsController#new as HTML
  Rendered devise/shared/_error_messages.html.erb (0.1ms)
  Rendered devise/shared/_links.html.erb (0.4ms)
  Rendered devise/registrations/new.html.erb within layouts/application (13.2ms)
Completed 200 OK in 90ms (Views: 80.6ms | ActiveRecord: 0.8ms)
  Rendered /home/solomiya/.rvm/gems/ruby-2.3.0/gems/web-console-2.3.0/lib/web_console/templates/_markup.html.erb (5.4ms)
  Rendered /home/solomiya/.rvm/gems/ruby-2.3.0/gems/web-console-2.3.0/lib/web_console/templates/_inner_console_markup.html.erb within layouts/inlined_string (0.5ms)
  Rendered /home/solomiya/.rvm/gems/ruby-2.3.0/gems/web-console-2.3.0/lib/web_console/templates/_prompt_box_markup.html.erb within layouts/inlined_string (0.5ms)
  Rendered /home/solomiya/.rvm/gems/ruby-2.3.0/gems/web-console-2.3.0/lib/web_console/templates/style.css.erb within layouts/inlined_string (0.6ms)
  Rendered /home/solomiya/.rvm/gems/ruby-2.3.0/gems/web-console-2.3.0/lib/web_console/templates/console.js.erb within layouts/javascript (30.9ms)
  Rendered /home/solomiya/.rvm/gems/ruby-2.3.0/gems/web-console-2.3.0/lib/web_console/templates/main.js.erb within layouts/javascript (0.6ms)
  Rendered /home/solomiya/.rvm/gems/ruby-2.3.0/gems/web-console-2.3.0/lib/web_console/templates/index.html.erb (53.5ms)


Started GET "/accounts/sign_up" for 127.0.0.1 at 2020-05-18 23:07:09 +0300
Processing by Devise::RegistrationsController#new as HTML
  Rendered devise/shared/_error_messages.html.erb (0.1ms)
  Rendered devise/shared/_links.html.erb (0.3ms)
  Rendered devise/registrations/new.html.erb within layouts/application (7.8ms)
Completed 200 OK in 86ms (Views: 85.1ms | ActiveRecord: 0.0ms)
  Rendered /home/solomiya/.rvm/gems/ruby-2.3.0/gems/web-console-2.3.0/lib/web_console/templates/_markup.html.erb (0.6ms)
  Rendered /home/solomiya/.rvm/gems/ruby-2.3.0/gems/web-console-2.3.0/lib/web_console/templates/_inner_console_markup.html.erb within layouts/inlined_string (0.6ms)
  Rendered /home/solomiya/.rvm/gems/ruby-2.3.0/gems/web-console-2.3.0/lib/web_console/templates/_prompt_box_markup.html.erb within layouts/inlined_string (0.5ms)
  Rendered /home/solomiya/.rvm/gems/ruby-2.3.0/gems/web-console-2.3.0/lib/web_console/templates/style.css.erb within layouts/inlined_string (0.6ms)
  Rendered /home/solomiya/.rvm/gems/ruby-2.3.0/gems/web-console-2.3.0/lib/web_console/templates/console.js.erb within layouts/javascript (29.9ms)
  Rendered /home/solomiya/.rvm/gems/ruby-2.3.0/gems/web-console-2.3.0/lib/web_console/templates/main.js.erb within layouts/javascript (0.5ms)
  Rendered /home/solomiya/.rvm/gems/ruby-2.3.0/gems/web-console-2.3.0/lib/web_console/templates/index.html.erb (50.4ms)


Started GET "/assets/application.self-d46900a17266d16283c691ffdd342bedab37f46c3f2f4137b03993406a1bc827.css?body=1" for 127.0.0.1 at 2020-05-18 23:07:09 +0300


Started GET "/assets/jquery.self-bd7ddd393353a8d2480a622e80342adf488fb6006d667e8b42e4c0073393abee.js?body=1" for 127.0.0.1 at 2020-05-18 23:07:09 +0300


Started GET "/assets/turbolinks.self-569ee74eaa15c1e2019317ff770b8769b1ec033a0f572a485f64c82ddc8f989e.js?body=1" for 127.0.0.1 at 2020-05-18 23:07:09 +0300


Started GET "/assets/jquery_ujs.self-784a997f6726036b1993eb2217c9cb558e1cbb801c6da88105588c56f13b466a.js?body=1" for 127.0.0.1 at 2020-05-18 23:07:09 +0300


Started GET "/assets/accounts.self-877aef30ae1b040ab8a3aba4e3e309a11d7f2612f44dde450b5c157aa5f95c05.js?body=1" for 127.0.0.1 at 2020-05-18 23:07:09 +0300


Started GET "/assets/departments.self-877aef30ae1b040ab8a3aba4e3e309a11d7f2612f44dde450b5c157aa5f95c05.js?body=1" for 127.0.0.1 at 2020-05-18 23:07:10 +0300


Started GET "/assets/employees.self-877aef30ae1b040ab8a3aba4e3e309a11d7f2612f44dde450b5c157aa5f95c05.js?body=1" for 127.0.0.1 at 2020-05-18 23:07:10 +0300


Started GET "/assets/items.self-877aef30ae1b040ab8a3aba4e3e309a11d7f2612f44dde450b5c157aa5f95c05.js?body=1" for 127.0.0.1 at 2020-05-18 23:07:10 +0300


Started GET "/assets/receipt_items.self-877aef30ae1b040ab8a3aba4e3e309a11d7f2612f44dde450b5c157aa5f95c05.js?body=1" for 127.0.0.1 at 2020-05-18 23:07:10 +0300


Started GET "/assets/popper.self-55bd1408b0e4ff3edf21524b78fbe2266615c8015ce0e5f0828089b1de27d63c.js?body=1" for 127.0.0.1 at 2020-05-18 23:07:10 +0300


Started GET "/assets/receipts.self-877aef30ae1b040ab8a3aba4e3e309a11d7f2612f44dde450b5c157aa5f95c05.js?body=1" for 127.0.0.1 at 2020-05-18 23:07:10 +0300


Started GET "/assets/shops.self-877aef30ae1b040ab8a3aba4e3e309a11d7f2612f44dde450b5c157aa5f95c05.js?body=1" for 127.0.0.1 at 2020-05-18 23:07:10 +0300


Started GET "/assets/bootstrap.self-caa553aa02de69210205232e653f3ed1142f1fdca642375ae6b26a891d3eaacd.js?body=1" for 127.0.0.1 at 2020-05-18 23:07:10 +0300


Started GET "/assets/application.self-7862a8a8b42407b4741a1adeeea35f0d13ddc4f702ec532adb0674491d296495.js?body=1" for 127.0.0.1 at 2020-05-18 23:07:10 +0300


Started PUT "/__web_console/repl_sessions/0688c07c9e32bbb81341f08f49839cc7" for 127.0.0.1 at 2020-05-18 23:07:15 +0300


Started PUT "/__web_console/repl_sessions/0688c07c9e32bbb81341f08f49839cc7" for 127.0.0.1 at 2020-05-18 23:07:16 +0300


Started PUT "/__web_console/repl_sessions/0688c07c9e32bbb81341f08f49839cc7" for 127.0.0.1 at 2020-05-18 23:07:37 +0300
